Loaded AI statistics: 168 games, 66 wins, 102 losses
Server running on port 3001 and accessible on all interfaces
User connected: ew-sfrhdIDJ1Y60xAAAB
User connected: o8N897kykx-kfOPVAAAD
User disconnected: o8N897kykx-kfOPVAAAD
User connected: 9z0SZydft2FSAPXpAAAF
User disconnected: 9z0SZydft2FSAPXpAAAF
User connected: rX47MC447pYDLXFzAAAH
User disconnected: rX47MC447pYDLXFzAAAH
User connected: awZgaIXSu7GuTwA_AAAJ
Added AI Bot 1 with 4 cards, elixir: 8
Added AI Bot 2 with 4 cards, elixir: 8
Added AI Bot 3 with 4 cards, elixir: 8
Game room1 started in turns mode. Players: 4
 AI AI Bot 1's turn - Elixir: 14, Hand: 4 cards
 AI AI Bot 1 is making moves...
 AI AI Bot 1 made 2 moves, waiting 100ms
 AI AI Bot 1 ending turn
 AI AI Bot 2's turn - Elixir: 14, Hand: 4 cards
 AI AI Bot 2 is making moves...
 AI AI Bot 2 made 4 moves, waiting 100ms
 AI AI Bot 2 ending turn
 AI AI Bot 3's turn - Elixir: 14, Hand: 4 cards
 AI AI Bot 3 is making moves...
 AI AI Bot 3 made 3 moves, waiting 100ms
 AI AI Bot 3 ending turn
 AI AI Bot 1's turn - Elixir: 6, Hand: 4 cards
 AI AI Bot 1 is making moves...
 AI AI Bot 1 made 1 moves, waiting 100ms
 AI AI Bot 1 ending turn
 AI AI Bot 2's turn - Elixir: 8, Hand: 4 cards
 AI AI Bot 2 is making moves...
 AI AI Bot 2 made 3 moves, waiting 100ms
 AI AI Bot 2 ending turn
 AI AI Bot 3's turn - Elixir: 7, Hand: 4 cards
 AI AI Bot 3 is making moves...
 AI AI Bot 3 made 1 moves, waiting 100ms
 AI AI Bot 3 ending turn
 AI AI Bot 1's turn - Elixir: 8, Hand: 4 cards
 AI AI Bot 1 is making moves...
 AI AI Bot 1 made 1 moves, waiting 100ms
 AI AI Bot 1 ending turn
 AI AI Bot 2's turn - Elixir: 7, Hand: 4 cards
 AI AI Bot 2 is making moves...
 AI AI Bot 2 made 1 moves, waiting 100ms
 AI AI Bot 2 ending turn
 AI AI Bot 3's turn - Elixir: 9, Hand: 4 cards
 AI AI Bot 3 is making moves...
 AI AI Bot 3 made 2 moves, waiting 100ms
 AI AI Bot 3 ending turn
 AI AI Bot 1's turn - Elixir: 8, Hand: 4 cards
 AI AI Bot 1 is making moves...
 AI AI Bot 1 made 1 moves, waiting 100ms
 AI AI Bot 1 ending turn
 AI AI Bot 2's turn - Elixir: 8, Hand: 4 cards
 AI AI Bot 2 is making moves...
 AI AI Bot 2 made 2 moves, waiting 100ms
 AI AI Bot 2 ending turn
 AI AI Bot 3's turn - Elixir: 6, Hand: 4 cards
 AI AI Bot 3 is making moves...
 AI AI Bot 3 made 1 moves, waiting 100ms
 AI AI Bot 3 ending turn
 AI AI Bot 1's turn - Elixir: 7, Hand: 4 cards
 AI AI Bot 1 is making moves...
 AI AI Bot 1 made 2 moves, waiting 100ms
 AI AI Bot 1 ending turn
 AI AI Bot 2's turn - Elixir: 6, Hand: 4 cards
 AI AI Bot 2 is making moves...
 AI AI Bot 2 made 1 moves, waiting 100ms
 AI AI Bot 2 ending turn
 AI AI Bot 3's turn - Elixir: 6, Hand: 4 cards
 AI AI Bot 3 is making moves...
 AI AI Bot 3 made 1 moves, waiting 100ms
 AI AI Bot 3 ending turn
 AI AI Bot 1's turn - Elixir: 7, Hand: 4 cards
 AI AI Bot 1 is making moves...
 AI AI Bot 1 made 1 moves, waiting 100ms
 AI AI Bot 1 ending turn
 AI AI Bot 2's turn - Elixir: 7, Hand: 4 cards
 AI AI Bot 2 is making moves...
 AI AI Bot 2 made 1 moves, waiting 100ms
 AI AI Bot 2 ending turn
 AI AI Bot 3's turn - Elixir: 7, Hand: 4 cards
 AI AI Bot 3 is making moves...
 AI AI Bot 3 made 2 moves, waiting 100ms
 AI AI Bot 3 ending turn
 AI AI Bot 1's turn - Elixir: 7, Hand: 4 cards
 AI AI Bot 1 is making moves...
 AI AI Bot 1 made 1 moves, waiting 100ms
 AI AI Bot 1 ending turn
 AI AI Bot 2's turn - Elixir: 6, Hand: 4 cards
 AI AI Bot 2 is making moves...
 AI AI Bot 2 made 2 moves, waiting 100ms
 AI AI Bot 2 ending turn
 AI AI Bot 3's turn - Elixir: 7, Hand: 4 cards
 AI AI Bot 3 is making moves...
 AI AI Bot 3 made 3 moves, waiting 100ms
 AI AI Bot 3 ending turn
 AI AI Bot 1's turn - Elixir: 8, Hand: 4 cards
 AI AI Bot 1 is making moves...
 AI AI Bot 1 made 2 moves, waiting 100ms
 AI AI Bot 1 ending turn
 AI AI Bot 2's turn - Elixir: 6, Hand: 4 cards
 AI AI Bot 2 is making moves...
 AI AI Bot 2 made 1 moves, waiting 100ms
 AI AI Bot 2 ending turn
 AI AI Bot 3's turn - Elixir: 6, Hand: 4 cards
 AI AI Bot 3 is making moves...
 AI AI Bot 3 made 1 moves, waiting 100ms
 AI AI Bot 3 ending turn
 AI AI Bot 1's turn - Elixir: 8, Hand: 4 cards
 AI AI Bot 1 is making moves...
 AI AI Bot 1 made 1 moves, waiting 100ms
 AI AI Bot 1 ending turn
 AI AI Bot 2's turn - Elixir: 8, Hand: 4 cards
 AI AI Bot 2 is making moves...
 AI AI Bot 2 made 1 moves, waiting 100ms
 AI AI Bot 2 ending turn
 AI AI Bot 3's turn - Elixir: 9, Hand: 4 cards
 AI AI Bot 3 is making moves...
 AI AI Bot 3 made 2 moves, waiting 100ms
 AI AI Bot 3 ending turn
 AI AI Bot 1's turn - Elixir: 7, Hand: 4 cards
 AI AI Bot 1 is making moves...
 AI AI Bot 1 made 1 moves, waiting 100ms
 AI AI Bot 1 ending turn
 AI AI Bot 2's turn - Elixir: 8, Hand: 4 cards
 AI AI Bot 2 is making moves...
 AI AI Bot 2 made 1 moves, waiting 100ms
 AI AI Bot 2 ending turn
 AI AI Bot 3's turn - Elixir: 6, Hand: 4 cards
 AI AI Bot 3 is making moves...
 AI AI Bot 3 made 1 moves, waiting 100ms
 AI AI Bot 3 ending turn
 AI AI Bot 1's turn - Elixir: 7, Hand: 4 cards
 AI AI Bot 1 is making moves...
 AI AI Bot 1 made 2 moves, waiting 100ms
 AI AI Bot 1 ending turn
 AI AI Bot 2's turn - Elixir: 8, Hand: 4 cards
 AI AI Bot 2 is making moves...
 AI AI Bot 2 made 1 moves, waiting 100ms
 AI AI Bot 2 ending turn
 AI AI Bot 3's turn - Elixir: 6, Hand: 4 cards
 AI AI Bot 3 is making moves...
 AI AI Bot 3 made 1 moves, waiting 100ms
 AI AI Bot 3 ending turn
 AI AI Bot 1's turn - Elixir: 6, Hand: 4 cards
 AI AI Bot 1 is making moves...
 AI AI Bot 1 made 1 moves, waiting 100ms
 AI AI Bot 1 ending turn
 AI AI Bot 2's turn - Elixir: 8, Hand: 4 cards
 AI AI Bot 2 is making moves...
 AI AI Bot 2 made 1 moves, waiting 100ms
 AI AI Bot 2 ending turn
 AI AI Bot 3's turn - Elixir: 7, Hand: 4 cards
 AI AI Bot 3 is making moves...
 AI AI Bot 3 made 1 moves, waiting 100ms
 AI AI Bot 3 ending turn
 AI AI Bot 1's turn - Elixir: 6, Hand: 4 cards
 AI AI Bot 1 is making moves...
 AI AI Bot 1 made 1 moves, waiting 100ms
 AI AI Bot 1 ending turn
 AI AI Bot 2's turn - Elixir: 8, Hand: 4 cards
 AI AI Bot 2 is making moves...
 AI AI Bot 2 made 2 moves, waiting 100ms
 AI AI Bot 2 ending turn
 AI AI Bot 3's turn - Elixir: 7, Hand: 4 cards
 AI AI Bot 3 is making moves...
 AI AI Bot 3 made 1 moves, waiting 100ms
 AI AI Bot 3 ending turn
 AI AI Bot 1's turn - Elixir: 10, Hand: 4 cards
 AI AI Bot 1 is making moves...
 AI AI Bot 1 made 2 moves, waiting 100ms
 AI AI Bot 1 ending turn
 AI AI Bot 2's turn - Elixir: 6, Hand: 4 cards
 AI AI Bot 2 is making moves...
 AI AI Bot 2 made 1 moves, waiting 100ms
 AI AI Bot 2 ending turn
 AI AI Bot 3's turn - Elixir: 6, Hand: 4 cards
 AI AI Bot 3 is making moves...
 AI AI Bot 3 made 2 moves, waiting 100ms
 AI AI Bot 3 ending turn
 AI AI Bot 1's turn - Elixir: 7, Hand: 4 cards
 AI AI Bot 1 is making moves...
 AI AI Bot 1 made 1 moves, waiting 100ms
 AI AI Bot 1 ending turn
 AI AI Bot 2's turn - Elixir: 6, Hand: 4 cards
 AI AI Bot 2 is making moves...
 AI AI Bot 2 made 1 moves, waiting 100ms
 AI AI Bot 2 ending turn
 AI AI Bot 3's turn - Elixir: 7, Hand: 4 cards
 AI AI Bot 3 is making moves...
 AI AI Bot 3 made 1 moves, waiting 100ms
 AI AI Bot 3 ending turn
 AI AI Bot 1's turn - Elixir: 7, Hand: 4 cards
 AI AI Bot 1 is making moves...
 AI AI Bot 1 made 1 moves, waiting 100ms
 AI AI Bot 1 ending turn
 AI AI Bot 2's turn - Elixir: 8, Hand: 4 cards
 AI AI Bot 2 is making moves...
 AI AI Bot 2 made 1 moves, waiting 100ms
 AI AI Bot 2 ending turn
 AI AI Bot 3's turn - Elixir: 7, Hand: 4 cards
 AI AI Bot 3 is making moves...
 AI AI Bot 3 made 2 moves, waiting 100ms
 AI AI Bot 3 ending turn
 AI AI Bot 1's turn - Elixir: 6, Hand: 4 cards
 AI AI Bot 1 is making moves...
 AI AI Bot 1 made 1 moves, waiting 100ms
 AI AI Bot 1 ending turn
 AI AI Bot 2's turn - Elixir: 7, Hand: 4 cards
 AI AI Bot 2 is making moves...
 AI AI Bot 2 made 1 moves, waiting 100ms
 AI AI Bot 2 ending turn
 AI AI Bot 3's turn - Elixir: 6, Hand: 4 cards
 AI AI Bot 3 is making moves...
 AI AI Bot 3 made 1 moves, waiting 100ms
 AI AI Bot 3 ending turn
 AI AI Bot 1's turn - Elixir: 7, Hand: 4 cards
 AI AI Bot 1 is making moves...
 AI AI Bot 1 made 1 moves, waiting 100ms
 AI AI Bot 1 ending turn
 AI AI Bot 2's turn - Elixir: 6, Hand: 4 cards
 AI AI Bot 2 is making moves...
 AI AI Bot 2 made 2 moves, waiting 100ms
 AI AI Bot 2 ending turn
 AI AI Bot 3's turn - Elixir: 7, Hand: 4 cards
 AI AI Bot 3 is making moves...
 AI AI Bot 3 made 1 moves, waiting 100ms
 AI AI Bot 3 ending turn
 AI AI Bot 1's turn - Elixir: 6, Hand: 4 cards
 AI AI Bot 1 is making moves...
 AI AI Bot 1 made 1 moves, waiting 100ms
 AI AI Bot 1 ending turn
 AI AI Bot 2's turn - Elixir: 6, Hand: 4 cards
 AI AI Bot 2 is making moves...
 AI AI Bot 2 made 1 moves, waiting 100ms
 AI AI Bot 2 ending turn
 AI AI Bot 3's turn - Elixir: 6, Hand: 4 cards
 AI AI Bot 3 is making moves...
 AI AI Bot 3 made 2 moves, waiting 100ms
 AI AI Bot 3 ending turn
 AI AI Bot 1's turn - Elixir: 8, Hand: 4 cards
 AI AI Bot 1 is making moves...
 AI AI Bot 1 made 2 moves, waiting 100ms
 AI AI Bot 1 ending turn
 AI AI Bot 2's turn - Elixir: 8, Hand: 4 cards
 AI AI Bot 2 is making moves...
 AI AI Bot 2 made 1 moves, waiting 100ms
 AI AI Bot 2 ending turn
 AI AI Bot 3's turn - Elixir: 7, Hand: 4 cards
 AI AI Bot 3 is making moves...
 AI AI Bot 3 made 2 moves, waiting 100ms
 AI AI Bot 3 ending turn
 AI AI Bot 1's turn - Elixir: 8, Hand: 4 cards
 AI AI Bot 1 is making moves...
 AI AI Bot 1 made 1 moves, waiting 100ms
 AI AI Bot 1 ending turn
 AI AI Bot 2's turn - Elixir: 8, Hand: 4 cards
 AI AI Bot 2 is making moves...
 AI AI Bot 2 made 2 moves, waiting 100ms
 AI AI Bot 2 ending turn
 AI AI Bot 3's turn - Elixir: 8, Hand: 4 cards
 AI AI Bot 3 is making moves...
 AI AI Bot 3 made 1 moves, waiting 100ms
 AI AI Bot 3 ending turn
 AI AI Bot 1's turn - Elixir: 7, Hand: 4 cards
 AI AI Bot 1 is making moves...
 AI AI Bot 1 made 2 moves, waiting 100ms
 AI AI Bot 1 ending turn
 AI AI Bot 2's turn - Elixir: 7, Hand: 4 cards
 AI AI Bot 2 is making moves...
 AI AI Bot 2 made 1 moves, waiting 100ms
 AI AI Bot 2 ending turn
 AI AI Bot 3's turn - Elixir: 7, Hand: 4 cards
 AI AI Bot 3 is making moves...
 AI AI Bot 3 made 2 moves, waiting 100ms
 AI AI Bot 3 ending turn
 AI AI Bot 1's turn - Elixir: 6, Hand: 4 cards
 AI AI Bot 1 is making moves...
 AI AI Bot 1 made 2 moves, waiting 100ms
 AI AI Bot 1 ending turn
 AI AI Bot 2's turn - Elixir: 7, Hand: 4 cards
 AI AI Bot 2 is making moves...
 AI AI Bot 2 made 2 moves, waiting 100ms
 AI AI Bot 2 ending turn
 AI AI Bot 3's turn - Elixir: 7, Hand: 4 cards
 AI AI Bot 3 is making moves...
 AI AI Bot 3 made 1 moves, waiting 100ms
 AI AI Bot 3 ending turn
 AI AI Bot 1's turn - Elixir: 6, Hand: 4 cards
 AI AI Bot 1 is making moves...
 AI AI Bot 1 made 1 moves, waiting 100ms
 AI AI Bot 1 ending turn
 AI AI Bot 3's turn - Elixir: 7, Hand: 4 cards
 AI AI Bot 3 is making moves...
 AI AI Bot 3 made 1 moves, waiting 100ms
 AI AI Bot 3 ending turn
 AI AI Bot 1's turn - Elixir: 6, Hand: 4 cards
 AI AI Bot 1 is making moves...
 AI AI Bot 1 made 1 moves, waiting 100ms
 AI AI Bot 1 ending turn
 AI AI Bot 3's turn - Elixir: 6, Hand: 4 cards
 AI AI Bot 3 is making moves...
 AI AI Bot 3 made 2 moves, waiting 100ms
 AI AI Bot 3 ending turn
 AI AI Bot 1's turn - Elixir: 9, Hand: 4 cards
 AI AI Bot 1 is making moves...
 AI AI Bot 1 made 1 moves, waiting 100ms
 AI AI Bot 1 ending turn
 AI AI Bot 3's turn - Elixir: 7, Hand: 4 cards
 AI AI Bot 3 is making moves...
 AI AI Bot 3 made 2 moves, waiting 100ms
 AI AI Bot 3 ending turn
 AI AI Bot 1's turn - Elixir: 9, Hand: 4 cards
 AI AI Bot 1 is making moves...
 AI AI Bot 1 made 2 moves, waiting 100ms
 AI AI Bot 1 ending turn
 AI AI Bot 3's turn - Elixir: 6, Hand: 4 cards
 AI AI Bot 3 is making moves...
 AI AI Bot 3 made 2 moves, waiting 100ms
 AI AI Bot 3 ending turn
 AI AI Bot 1's turn - Elixir: 6, Hand: 4 cards
 AI AI Bot 1 is making moves...
 AI AI Bot 1 made 1 moves, waiting 100ms
 AI AI Bot 1 ending turn
 AI AI Bot 3's turn - Elixir: 6, Hand: 4 cards
 AI AI Bot 3 is making moves...
 AI AI Bot 3 made 1 moves, waiting 100ms
 AI AI Bot 3 ending turn
 AI AI Bot 1's turn - Elixir: 8, Hand: 4 cards
 AI AI Bot 1 is making moves...
 AI AI Bot 1 made 1 moves, waiting 100ms
 AI AI Bot 1 ending turn
 AI AI Bot 3's turn - Elixir: 6, Hand: 4 cards
 AI AI Bot 3 is making moves...
 AI AI Bot 3 made 2 moves, waiting 100ms
 AI AI Bot 3 ending turn
 AI AI Bot 1's turn - Elixir: 8, Hand: 4 cards
 AI AI Bot 1 is making moves...
 AI AI Bot 1 made 2 moves, waiting 100ms
 AI AI Bot 1 ending turn
 AI AI Bot 3's turn - Elixir: 6, Hand: 4 cards
 AI AI Bot 3 is making moves...
 AI AI Bot 3 made 1 moves, waiting 100ms
 AI AI Bot 3 ending turn
 AI AI Bot 1's turn - Elixir: 6, Hand: 4 cards
 AI AI Bot 1 is making moves...
 AI AI Bot 1 made 1 moves, waiting 100ms
 AI AI Bot 1 ending turn
 AI AI Bot 3's turn - Elixir: 6, Hand: 4 cards
 AI AI Bot 3 is making moves...
 AI AI Bot 3 made 1 moves, waiting 100ms
 AI AI Bot 3 ending turn
 AI AI Bot 1's turn - Elixir: 6, Hand: 4 cards
 AI AI Bot 1 is making moves...
 AI AI Bot 1 made 1 moves, waiting 100ms
 AI AI Bot 1 ending turn
 AI AI Bot 3's turn - Elixir: 6, Hand: 4 cards
 AI AI Bot 3 is making moves...
 AI AI Bot 3 made 1 moves, waiting 100ms
 AI AI Bot 3 ending turn
 AI AI Bot 1's turn - Elixir: 9, Hand: 4 cards
 AI AI Bot 1 is making moves...
 AI AI Bot 1 made 2 moves, waiting 100ms
 AI AI Bot 1 ending turn
 AI AI Bot 3's turn - Elixir: 9, Hand: 4 cards
 AI AI Bot 3 is making moves...
 AI AI Bot 3 made 1 moves, waiting 100ms
 AI AI Bot 3 ending turn
 AI AI Bot 1's turn - Elixir: 6, Hand: 4 cards
 AI AI Bot 1 is making moves...
 AI AI Bot 1 made 1 moves, waiting 100ms
 AI AI Bot 1 ending turn
 AI AI Bot 3's turn - Elixir: 8, Hand: 4 cards
 AI AI Bot 3 is making moves...
 AI AI Bot 3 made 1 moves, waiting 100ms
 AI AI Bot 3 ending turn
 AI AI Bot 1's turn - Elixir: 6, Hand: 4 cards
 AI AI Bot 1 is making moves...
 AI AI Bot 1 made 1 moves, waiting 100ms
 AI AI Bot 1 ending turn
 AI AI Bot 3's turn - Elixir: 8, Hand: 4 cards
 AI AI Bot 3 is making moves...
 AI AI Bot 3 made 2 moves, waiting 100ms
 AI AI Bot 3 ending turn
 AI AI Bot 1's turn - Elixir: 9, Hand: 4 cards
 AI AI Bot 1 is making moves...
 AI AI Bot 1 made 1 moves, waiting 100ms
 AI AI Bot 1 ending turn
 AI AI Bot 3's turn - Elixir: 7, Hand: 4 cards
 AI AI Bot 3 is making moves...
 AI AI Bot 3 made 1 moves, waiting 100ms
 AI AI Bot 3 ending turn
 AI AI Bot 1's turn - Elixir: 11, Hand: 4 cards
 AI AI Bot 1 is making moves...
 AI AI Bot 1 made 2 moves, waiting 100ms
 AI AI Bot 1 ending turn
 AI AI Bot 3's turn - Elixir: 6, Hand: 4 cards
 AI AI Bot 3 is making moves...
 AI AI Bot 3 made 2 moves, waiting 100ms
 AI AI Bot 3 ending turn
 AI AI Bot 1's turn - Elixir: 7, Hand: 4 cards
 AI AI Bot 1 is making moves...
 AI AI Bot 1 made 1 moves, waiting 100ms
 AI AI Bot 1 ending turn
 AI AI Bot 3's turn - Elixir: 7, Hand: 4 cards
 AI AI Bot 3 is making moves...
 AI AI Bot 3 made 1 moves, waiting 100ms
 AI AI Bot 3 ending turn
 AI AI Bot 1's turn - Elixir: 6, Hand: 4 cards
 AI AI Bot 1 is making moves...
 AI AI Bot 1 made 0 moves, waiting 100ms
 AI AI Bot 1 ending turn
 AI AI Bot 3's turn - Elixir: 6, Hand: 4 cards
 AI AI Bot 3 is making moves...
 AI AI Bot 3 made 2 moves, waiting 100ms
 AI AI Bot 3 ending turn
 AI AI Bot 1's turn - Elixir: 12, Hand: 4 cards
 AI AI Bot 1 is making moves...
 AI AI Bot 1 made 1 moves, waiting 100ms
 AI AI Bot 1 ending turn
 AI AI Bot 3's turn - Elixir: 6, Hand: 4 cards
 AI AI Bot 3 is making moves...
 AI AI Bot 3 made 2 moves, waiting 100ms
 AI AI Bot 3 ending turn
 AI AI Bot 1's turn - Elixir: 10, Hand: 4 cards
 AI AI Bot 1 is making moves...
 AI AI Bot 1 made 2 moves, waiting 100ms
 AI AI Bot 1 ending turn
 AI AI Bot 3's turn - Elixir: 6, Hand: 4 cards
 AI AI Bot 3 is making moves...
 AI AI Bot 3 made 0 moves, waiting 100ms
 AI AI Bot 3 ending turn
 AI AI Bot 1's turn - Elixir: 6, Hand: 4 cards
 AI AI Bot 1 is making moves...
 AI AI Bot 1 made 1 moves, waiting 100ms
 AI AI Bot 1 ending turn
 AI AI Bot 3's turn - Elixir: 12, Hand: 4 cards
 AI AI Bot 3 is making moves...
 AI AI Bot 3 made 2 moves, waiting 100ms
 AI AI Bot 3 ending turn
 AI AI Bot 1's turn - Elixir: 7, Hand: 4 cards
 AI AI Bot 1 is making moves...
 AI AI Bot 1 made 1 moves, waiting 100ms
 AI AI Bot 1 ending turn
 AI AI Bot 3's turn - Elixir: 8, Hand: 4 cards
 AI AI Bot 3 is making moves...
 AI AI Bot 3 made 2 moves, waiting 100ms
 AI AI Bot 3 ending turn
 AI AI Bot 1's turn - Elixir: 6, Hand: 4 cards
 AI AI Bot 1 is making moves...
 AI AI Bot 1 made 2 moves, waiting 100ms
 AI AI Bot 1 ending turn
 AI AI Bot 3's turn - Elixir: 7, Hand: 4 cards
 AI AI Bot 3 is making moves...
 AI AI Bot 3 made 1 moves, waiting 100ms
 AI AI Bot 3 ending turn
 AI AI Bot 1's turn - Elixir: 6, Hand: 4 cards
 AI AI Bot 1 is making moves...
 AI AI Bot 1 made 1 moves, waiting 100ms
 AI AI Bot 1 ending turn
 AI AI Bot 3's turn - Elixir: 6, Hand: 4 cards
 AI AI Bot 3 is making moves...
 AI AI Bot 3 made 2 moves, waiting 100ms
 AI AI Bot 3 ending turn
 AI AI Bot 1's turn - Elixir: 9, Hand: 4 cards
 AI AI Bot 1 is making moves...
 AI AI Bot 1 made 2 moves, waiting 100ms
 AI AI Bot 1 ending turn
 AI AI Bot 3's turn - Elixir: 7, Hand: 4 cards
 AI AI Bot 3 is making moves...
 AI AI Bot 3 made 1 moves, waiting 100ms
 AI AI Bot 3 ending turn
 AI AI Bot 1's turn - Elixir: 9, Hand: 4 cards
 AI AI Bot 1 is making moves...
 AI AI Bot 1 made 1 moves, waiting 100ms
 AI AI Bot 1 ending turn
 AI AI Bot 3's turn - Elixir: 11, Hand: 4 cards
 AI AI Bot 3 is making moves...
 AI AI Bot 3 made 3 moves, waiting 100ms
 AI AI Bot 3 ending turn
 AI AI Bot 1's turn - Elixir: 8, Hand: 4 cards
 AI AI Bot 1 is making moves...
 AI AI Bot 1 made 1 moves, waiting 100ms
 AI AI Bot 1 ending turn
 AI AI Bot 3's turn - Elixir: 6, Hand: 4 cards
 AI AI Bot 3 is making moves...
 AI AI Bot 3 made 1 moves, waiting 100ms
 AI AI Bot 3 ending turn
 AI AI Bot 1's turn - Elixir: 6, Hand: 4 cards
 AI AI Bot 1 is making moves...
 AI AI Bot 1 made 1 moves, waiting 100ms
 AI AI Bot 1 ending turn
 AI AI Bot 3's turn - Elixir: 9, Hand: 4 cards
 AI AI Bot 3 is making moves...
 AI AI Bot 3 made 2 moves, waiting 100ms
 AI AI Bot 3 ending turn
 AI AI Bot 1's turn - Elixir: 8, Hand: 4 cards
 AI AI Bot 1 is making moves...
 AI AI Bot 1 made 2 moves, waiting 100ms
 AI AI Bot 1 ending turn
 AI AI Bot 3's turn - Elixir: 6, Hand: 4 cards
 AI AI Bot 3 is making moves...
 AI AI Bot 3 made 0 moves, waiting 100ms
 AI AI Bot 3 ending turn
 AI AI Bot 1's turn - Elixir: 8, Hand: 4 cards
 AI AI Bot 1 is making moves...
 AI AI Bot 1 made 1 moves, waiting 100ms
 AI AI Bot 1 ending turn
 AI AI Bot 3's turn - Elixir: 12, Hand: 4 cards
 AI AI Bot 3 is making moves...
 AI AI Bot 3 made 2 moves, waiting 100ms
 AI AI Bot 3 ending turn
 AI AI Bot 1's turn - Elixir: 8, Hand: 4 cards
 AI AI Bot 1 is making moves...
 AI AI Bot 1 made 1 moves, waiting 100ms
 AI AI Bot 1 ending turn
 AI AI Bot 3's turn - Elixir: 8, Hand: 4 cards
 AI AI Bot 3 is making moves...
 AI AI Bot 3 made 2 moves, waiting 100ms
 AI AI Bot 3 ending turn
 AI AI Bot 1's turn - Elixir: 8, Hand: 4 cards
 AI AI Bot 1 is making moves...
 AI AI Bot 1 made 1 moves, waiting 100ms
 AI AI Bot 1 ending turn
 AI AI Bot 3's turn - Elixir: 6, Hand: 4 cards
 AI AI Bot 3 is making moves...
 AI AI Bot 3 made 1 moves, waiting 100ms
 AI AI Bot 3 ending turn
 AI AI Bot 1's turn - Elixir: 10, Hand: 4 cards
 AI AI Bot 1 is making moves...
 AI AI Bot 1 made 1 moves, waiting 100ms
 AI AI Bot 1 ending turn
 AI AI Bot 3's turn - Elixir: 8, Hand: 4 cards
 AI AI Bot 3 is making moves...
 AI AI Bot 3 made 2 moves, waiting 100ms
 AI AI Bot 3 ending turn
 AI AI Bot 1's turn - Elixir: 9, Hand: 4 cards
 AI AI Bot 1 is making moves...
 AI AI Bot 1 made 2 moves, waiting 100ms
 AI AI Bot 1 ending turn
 AI AI Bot 3's turn - Elixir: 6, Hand: 4 cards
 AI AI Bot 3 is making moves...
 AI AI Bot 3 made 1 moves, waiting 100ms
 AI AI Bot 3 ending turn
 AI AI Bot 1's turn - Elixir: 7, Hand: 4 cards
 AI AI Bot 1 is making moves...
 AI AI Bot 1 made 1 moves, waiting 100ms
 AI AI Bot 1 ending turn
 AI AI Bot 3's turn - Elixir: 9, Hand: 4 cards
 AI AI Bot 3 is making moves...
 AI AI Bot 3 made 2 moves, waiting 100ms
 AI AI Bot 3 ending turn
 AI AI Bot 1's turn - Elixir: 6, Hand: 4 cards
 AI AI Bot 1 is making moves...
 AI AI Bot 1 made 1 moves, waiting 100ms
 AI AI Bot 1 ending turn
 AI AI Bot 3's turn - Elixir: 9, Hand: 4 cards
 AI AI Bot 3 is making moves...
 AI AI Bot 3 made 2 moves, waiting 100ms
 AI AI Bot 3 ending turn
 AI AI Bot 1's turn - Elixir: 7, Hand: 4 cards
 AI AI Bot 1 is making moves...
 AI AI Bot 1 made 2 moves, waiting 100ms
 AI AI Bot 1 ending turn
 AI AI Bot 3's turn - Elixir: 6, Hand: 4 cards
 AI AI Bot 3 is making moves...
 AI AI Bot 3 made 0 moves, waiting 100ms
 AI AI Bot 3 ending turn
 AI AI Bot 1's turn - Elixir: 7, Hand: 4 cards
 AI AI Bot 1 is making moves...
 AI AI Bot 1 made 0 moves, waiting 100ms
 AI AI Bot 1 ending turn
 AI AI Bot 3's turn - Elixir: 12, Hand: 4 cards
 AI AI Bot 3 is making moves...
 AI AI Bot 3 made 1 moves, waiting 100ms
 AI AI Bot 3 ending turn
 AI AI Bot 1's turn - Elixir: 13, Hand: 4 cards
 AI AI Bot 1 is making moves...
 AI AI Bot 1 made 2 moves, waiting 100ms
 AI AI Bot 1 ending turn
 AI AI Bot 3's turn - Elixir: 11, Hand: 4 cards
 AI AI Bot 3 is making moves...
 AI AI Bot 3 made 3 moves, waiting 100ms
 AI AI Bot 3 ending turn
 AI AI Bot 1's turn - Elixir: 8, Hand: 4 cards
 AI AI Bot 1 is making moves...
 AI AI Bot 1 made 2 moves, waiting 100ms
 AI AI Bot 1 ending turn
 AI AI Bot 3's turn - Elixir: 6, Hand: 4 cards
 AI AI Bot 3 is making moves...
 AI AI Bot 3 made 1 moves, waiting 100ms
 AI AI Bot 3 ending turn
 AI AI Bot 1's turn - Elixir: 7, Hand: 4 cards
 AI AI Bot 1 is making moves...
 AI AI Bot 1 made 1 moves, waiting 100ms
 AI AI Bot 1 ending turn
 AI AI Bot 3's turn - Elixir: 8, Hand: 4 cards
 AI AI Bot 3 is making moves...
 AI AI Bot 3 made 1 moves, waiting 100ms
 AI AI Bot 3 ending turn
 AI AI Bot 1's turn - Elixir: 11, Hand: 4 cards
 AI AI Bot 1 is making moves...
 AI AI Bot 1 made 2 moves, waiting 100ms
 AI AI Bot 1 ending turn
 AI AI Bot 3's turn - Elixir: 8, Hand: 4 cards
 AI AI Bot 3 is making moves...
 AI AI Bot 3 made 1 moves, waiting 100ms
 AI AI Bot 3 ending turn
 AI AI Bot 1's turn - Elixir: 7, Hand: 4 cards
 AI AI Bot 1 is making moves...
 AI AI Bot 1 made 1 moves, waiting 100ms
 AI AI Bot 1 ending turn
 AI AI Bot 3's turn - Elixir: 7, Hand: 4 cards
 AI AI Bot 3 is making moves...
 AI AI Bot 3 made 1 moves, waiting 100ms
 AI AI Bot 3 ending turn
 AI AI Bot 1's turn - Elixir: 6, Hand: 4 cards
 AI AI Bot 1 is making moves...
 AI AI Bot 1 made 1 moves, waiting 100ms
 AI AI Bot 1 ending turn
 AI AI Bot 3's turn - Elixir: 11, Hand: 4 cards
 AI AI Bot 3 is making moves...
 AI AI Bot 3 made 2 moves, waiting 100ms
 AI AI Bot 3 ending turn
 AI AI Bot 1's turn - Elixir: 9, Hand: 4 cards
 AI AI Bot 1 is making moves...
 AI AI Bot 1 made 1 moves, waiting 100ms
 AI AI Bot 1 ending turn
 AI AI Bot 3's turn - Elixir: 7, Hand: 4 cards
 AI AI Bot 3 is making moves...
 AI AI Bot 3 made 2 moves, waiting 100ms
 AI AI Bot 3 ending turn
 AI AI Bot 1's turn - Elixir: 11, Hand: 4 cards
 AI AI Bot 1 is making moves...
 AI AI Bot 1 made 2 moves, waiting 100ms
 AI AI Bot 1 ending turn
 AI AI Bot 3's turn - Elixir: 6, Hand: 4 cards
 AI AI Bot 3 is making moves...
 AI AI Bot 3 made 0 moves, waiting 100ms
 AI AI Bot 3 ending turn
 AI AI Bot 1's turn - Elixir: 8, Hand: 4 cards
 AI AI Bot 1 is making moves...
 AI AI Bot 1 made 2 moves, waiting 100ms
 AI AI Bot 1 ending turn
 AI AI Bot 3's turn - Elixir: 12, Hand: 4 cards
 AI AI Bot 3 is making moves...
 AI AI Bot 3 made 2 moves, waiting 100ms
 AI AI Bot 3 ending turn
 AI AI Bot 1's turn - Elixir: 6, Hand: 4 cards
 AI AI Bot 1 is making moves...
 AI AI Bot 1 made 2 moves, waiting 100ms
 AI AI Bot 1 ending turn
 AI AI Bot 3's turn - Elixir: 8, Hand: 4 cards
 AI AI Bot 3 is making moves...
 AI AI Bot 3 made 1 moves, waiting 100ms
 AI AI Bot 3 ending turn
 AI AI Bot 1's turn - Elixir: 7, Hand: 4 cards
 AI AI Bot 1 is making moves...
 AI AI Bot 1 made 2 moves, waiting 100ms
 AI AI Bot 1 ending turn
 AI AI Bot 3's turn - Elixir: 8, Hand: 4 cards
 AI AI Bot 3 is making moves...
 AI AI Bot 3 made 2 moves, waiting 100ms
 AI AI Bot 3 ending turn
 AI AI Bot 1's turn - Elixir: 8, Hand: 4 cards
 AI AI Bot 1 is making moves...
 AI AI Bot 1 made 1 moves, waiting 100ms
 AI AI Bot 1 ending turn
 AI AI Bot 3's turn - Elixir: 7, Hand: 4 cards
 AI AI Bot 3 is making moves...
 AI AI Bot 3 made 1 moves, waiting 100ms
 AI AI Bot 3 ending turn
 AI AI Bot 1's turn - Elixir: 7, Hand: 4 cards
 AI AI Bot 1 is making moves...
 AI AI Bot 1 made 2 moves, waiting 100ms
 AI AI Bot 1 ending turn
 AI AI Bot 3's turn - Elixir: 6, Hand: 4 cards
 AI AI Bot 3 is making moves...
 AI AI Bot 3 made 1 moves, waiting 100ms
 AI AI Bot 3 ending turn
 AI AI Bot 1's turn - Elixir: 6, Hand: 4 cards
 AI AI Bot 1 is making moves...
 AI AI Bot 1 made 0 moves, waiting 100ms
 AI AI Bot 1 ending turn
 AI AI Bot 3's turn - Elixir: 9, Hand: 4 cards
 AI AI Bot 3 is making moves...
 AI AI Bot 3 made 2 moves, waiting 100ms
 AI AI Bot 3 ending turn
 AI AI Bot 1's turn - Elixir: 12, Hand: 4 cards
 AI AI Bot 1 is making moves...
 AI AI Bot 1 made 2 moves, waiting 100ms
 AI AI Bot 1 ending turn
 AI AI Bot 3's turn - Elixir: 6, Hand: 4 cards
 AI AI Bot 3 is making moves...
 AI AI Bot 3 made 1 moves, waiting 100ms
 AI AI Bot 3 ending turn
 AI AI Bot 1's turn - Elixir: 8, Hand: 4 cards
 AI AI Bot 1 is making moves...
 AI AI Bot 1 made 1 moves, waiting 100ms
 AI AI Bot 1 ending turn
 AI AI Bot 3's turn - Elixir: 10, Hand: 4 cards
 AI AI Bot 3 is making moves...
 AI AI Bot 3 made 1 moves, waiting 100ms
 AI AI Bot 3 ending turn
 AI AI Bot 1's turn - Elixir: 7, Hand: 4 cards
 AI AI Bot 1 is making moves...
 AI AI Bot 1 made 1 moves, waiting 100ms
 AI AI Bot 1 ending turn
 AI AI Bot 3's turn - Elixir: 9, Hand: 4 cards
 AI AI Bot 3 is making moves...
 AI AI Bot 3 made 1 moves, waiting 100ms
 AI AI Bot 3 ending turn
 AI AI Bot 1's turn - Elixir: 7, Hand: 4 cards
 AI AI Bot 1 is making moves...
 AI AI Bot 1 made 1 moves, waiting 100ms
 AI AI Bot 1 ending turn
 AI AI Bot 3's turn - Elixir: 11, Hand: 4 cards
 AI AI Bot 3 is making moves...
 AI AI Bot 3 made 1 moves, waiting 100ms
 AI AI Bot 3 ending turn
 AI AI Bot 1's turn - Elixir: 11, Hand: 4 cards
 AI AI Bot 1 is making moves...
 AI AI Bot 1 made 2 moves, waiting 100ms
 AI AI Bot 1 ending turn
 AI AI Bot 3's turn - Elixir: 11, Hand: 4 cards
 AI AI Bot 3 is making moves...
 AI AI Bot 3 made 2 moves, waiting 100ms
 AI AI Bot 3 ending turn
 AI AI Bot 1's turn - Elixir: 7, Hand: 4 cards
 AI AI Bot 1 is making moves...
 AI AI Bot 1 made 1 moves, waiting 100ms
 AI AI Bot 1 ending turn
 AI AI Bot 3's turn - Elixir: 7, Hand: 4 cards
 AI AI Bot 3 is making moves...
 AI AI Bot 3 made 1 moves, waiting 100ms
 AI AI Bot 3 ending turn
 AI AI Bot 1's turn - Elixir: 9, Hand: 4 cards
 AI AI Bot 1 is making moves...
 AI AI Bot 1 made 2 moves, waiting 100ms
 AI AI Bot 1 ending turn
 AI AI Bot 3's turn - Elixir: 6, Hand: 4 cards
 AI AI Bot 3 is making moves...
 AI AI Bot 3 made 2 moves, waiting 100ms
 AI AI Bot 3 ending turn
 AI AI Bot 1's turn - Elixir: 6, Hand: 4 cards
 AI AI Bot 1 is making moves...
 AI AI Bot 1 made 1 moves, waiting 100ms
 AI AI Bot 1 ending turn
 AI AI Bot 3's turn - Elixir: 7, Hand: 4 cards
 AI AI Bot 3 is making moves...
 AI AI Bot 3 made 2 moves, waiting 100ms
 AI AI Bot 3 ending turn
 AI AI Bot 1's turn - Elixir: 6, Hand: 4 cards
 AI AI Bot 1 is making moves...
 AI AI Bot 1 made 1 moves, waiting 100ms
 AI AI Bot 1 ending turn
 AI AI Bot 3's turn - Elixir: 8, Hand: 4 cards
 AI AI Bot 3 is making moves...
 AI AI Bot 3 made 1 moves, waiting 100ms
 AI AI Bot 3 ending turn
 AI AI Bot 1's turn - Elixir: 6, Hand: 4 cards
 AI AI Bot 1 is making moves...
 AI AI Bot 1 made 1 moves, waiting 100ms
 AI AI Bot 1 ending turn
 AI AI Bot 3's turn - Elixir: 7, Hand: 4 cards
 AI AI Bot 3 is making moves...
 AI AI Bot 3 made 1 moves, waiting 100ms
 AI AI Bot 3 ending turn
 AI AI Bot 1's turn - Elixir: 10, Hand: 4 cards
 AI AI Bot 1 is making moves...
 AI AI Bot 1 made 1 moves, waiting 100ms
 AI AI Bot 1 ending turn
 AI AI Bot 3's turn - Elixir: 6, Hand: 4 cards
 AI AI Bot 3 is making moves...
 AI AI Bot 3 made 1 moves, waiting 100ms
 AI AI Bot 3 ending turn
 AI AI Bot 1's turn - Elixir: 10, Hand: 4 cards
 AI AI Bot 1 is making moves...
 AI AI Bot 1 made 1 moves, waiting 100ms
 AI AI Bot 1 ending turn
 AI AI Bot 3's turn - Elixir: 8, Hand: 4 cards
 AI AI Bot 3 is making moves...
 AI AI Bot 3 made 2 moves, waiting 100ms
 AI AI Bot 3 ending turn
 AI AI Bot 1's turn - Elixir: 10, Hand: 4 cards
 AI AI Bot 1 is making moves...
 AI AI Bot 1 made 1 moves, waiting 100ms
 AI AI Bot 1 ending turn
 AI AI Bot 3's turn - Elixir: 8, Hand: 4 cards
 AI AI Bot 3 is making moves...
 AI AI Bot 3 made 2 moves, waiting 100ms
 AI AI Bot 3 ending turn
 AI AI Bot 1's turn - Elixir: 9, Hand: 4 cards
 AI AI Bot 1 is making moves...
 AI AI Bot 1 made 1 moves, waiting 100ms
 AI AI Bot 1 ending turn
 AI AI Bot 3's turn - Elixir: 7, Hand: 4 cards
 AI AI Bot 3 is making moves...
 AI AI Bot 3 made 2 moves, waiting 100ms
 AI AI Bot 3 ending turn
 AI AI Bot 1's turn - Elixir: 11, Hand: 4 cards
 AI AI Bot 1 is making moves...
 AI AI Bot 1 made 1 moves, waiting 100ms
 AI AI Bot 1 ending turn
 AI AI Bot 3's turn - Elixir: 6, Hand: 4 cards
 AI AI Bot 3 is making moves...
 AI AI Bot 3 made 3 moves, waiting 100ms
 AI AI Bot 3 ending turn
 AI AI Bot 1's turn - Elixir: 11, Hand: 4 cards
 AI AI Bot 1 is making moves...
 AI AI Bot 1 made 3 moves, waiting 100ms
 AI AI Bot 1 ending turn
 AI AI Bot 3's turn - Elixir: 6, Hand: 4 cards
 AI AI Bot 3 is making moves...
 AI AI Bot 3 made 1 moves, waiting 100ms
 AI AI Bot 3 ending turn
 AI AI Bot 1's turn - Elixir: 7, Hand: 4 cards
 AI AI Bot 1 is making moves...
 AI AI Bot 1 made 1 moves, waiting 100ms
 AI AI Bot 1 ending turn
 AI AI Bot 3's turn - Elixir: 10, Hand: 4 cards
 AI AI Bot 3 is making moves...
 AI AI Bot 3 made 1 moves, waiting 100ms
 AI AI Bot 3 ending turn
 AI AI Bot 1's turn - Elixir: 8, Hand: 4 cards
 AI AI Bot 1 is making moves...
 AI AI Bot 1 made 2 moves, waiting 100ms
 AI AI Bot 1 ending turn
 AI AI Bot 3's turn - Elixir: 9, Hand: 4 cards
 AI AI Bot 3 is making moves...
 AI AI Bot 3 made 1 moves, waiting 100ms
 AI AI Bot 3 ending turn
 AI AI Bot 1's turn - Elixir: 6, Hand: 4 cards
 AI AI Bot 1 is making moves...
 AI AI Bot 1 made 1 moves, waiting 100ms
 AI AI Bot 1 ending turn
 AI AI Bot 3's turn - Elixir: 8, Hand: 4 cards
 AI AI Bot 3 is making moves...
 AI AI Bot 3 made 1 moves, waiting 100ms
 AI AI Bot 3 ending turn
 AI AI Bot 1's turn - Elixir: 8, Hand: 4 cards
 AI AI Bot 1 is making moves...
 AI AI Bot 1 made 1 moves, waiting 100ms
 AI AI Bot 1 ending turn
 AI AI Bot 3's turn - Elixir: 11, Hand: 4 cards
 AI AI Bot 3 is making moves...
 AI AI Bot 3 made 2 moves, waiting 100ms
 AI AI Bot 3 ending turn
 AI AI Bot 1's turn - Elixir: 6, Hand: 4 cards
 AI AI Bot 1 is making moves...
 AI AI Bot 1 made 1 moves, waiting 100ms
 AI AI Bot 1 ending turn
 AI AI Bot 3's turn - Elixir: 7, Hand: 4 cards
 AI AI Bot 3 is making moves...
 AI AI Bot 3 made 1 moves, waiting 100ms
 AI AI Bot 3 ending turn
 AI AI Bot 1's turn - Elixir: 8, Hand: 4 cards
 AI AI Bot 1 is making moves...
 AI AI Bot 1 made 1 moves, waiting 100ms
 AI AI Bot 1 ending turn
 AI AI Bot 3's turn - Elixir: 7, Hand: 4 cards
 AI AI Bot 3 is making moves...
 AI AI Bot 3 made 1 moves, waiting 100ms
 AI AI Bot 3 ending turn
 AI AI Bot 1's turn - Elixir: 7, Hand: 4 cards
 AI AI Bot 1 is making moves...
 AI AI Bot 1 made 2 moves, waiting 100ms
 AI AI Bot 1 ending turn
 AI AI Bot 3's turn - Elixir: 6, Hand: 4 cards
 AI AI Bot 3 is making moves...
 AI AI Bot 3 made 2 moves, waiting 100ms
 AI AI Bot 3 ending turn
 AI AI Bot 1's turn - Elixir: 7, Hand: 4 cards
 AI AI Bot 1 is making moves...
 AI AI Bot 1 made 1 moves, waiting 100ms
 AI AI Bot 1 ending turn
 AI AI Bot 3's turn - Elixir: 6, Hand: 4 cards
 AI AI Bot 3 is making moves...
 AI AI Bot 3 made 1 moves, waiting 100ms
 AI AI Bot 3 ending turn
 AI AI Bot 1's turn - Elixir: 8, Hand: 4 cards
 AI AI Bot 1 is making moves...
 AI AI Bot 1 made 1 moves, waiting 100ms
 AI AI Bot 1 ending turn
 AI AI Bot 3's turn - Elixir: 8, Hand: 4 cards
 AI AI Bot 3 is making moves...
 AI AI Bot 3 made 2 moves, waiting 100ms
 AI AI Bot 3 ending turn
 AI AI Bot 1's turn - Elixir: 7, Hand: 4 cards
 AI AI Bot 1 is making moves...
 AI AI Bot 1 made 1 moves, waiting 100ms
 AI AI Bot 1 ending turn
 AI AI Bot 3's turn - Elixir: 9, Hand: 4 cards
 AI AI Bot 3 is making moves...
 AI AI Bot 3 made 2 moves, waiting 100ms
 AI AI Bot 3 ending turn
 AI AI Bot 1's turn - Elixir: 6, Hand: 4 cards
 AI AI Bot 1 is making moves...
 AI AI Bot 1 made 1 moves, waiting 100ms
 AI AI Bot 1 ending turn
 AI AI Bot 3's turn - Elixir: 6, Hand: 4 cards
 AI AI Bot 3 is making moves...
 AI AI Bot 3 made 0 moves, waiting 100ms
 AI AI Bot 3 ending turn
 AI AI Bot 1's turn - Elixir: 6, Hand: 4 cards
 AI AI Bot 1 is making moves...
 AI AI Bot 1 made 2 moves, waiting 100ms
 AI AI Bot 1 ending turn
 AI AI Bot 3's turn - Elixir: 12, Hand: 4 cards
 AI AI Bot 3 is making moves...
 AI AI Bot 3 made 1 moves, waiting 100ms
 AI AI Bot 3 ending turn
 AI AI Bot 1's turn - Elixir: 8, Hand: 4 cards
 AI AI Bot 1 is making moves...
 AI AI Bot 1 made 1 moves, waiting 100ms
 AI AI Bot 1 ending turn
 AI AI Bot 3's turn - Elixir: 11, Hand: 4 cards
 AI AI Bot 3 is making moves...
 AI AI Bot 3 made 2 moves, waiting 100ms
 AI AI Bot 3 ending turn
 AI AI Bot 1's turn - Elixir: 7, Hand: 4 cards
 AI AI Bot 1 is making moves...
 AI AI Bot 1 made 1 moves, waiting 100ms
 AI AI Bot 1 ending turn
 AI AI Bot 3's turn - Elixir: 8, Hand: 4 cards
 AI AI Bot 3 is making moves...
 AI AI Bot 3 made 1 moves, waiting 100ms
 AI AI Bot 3 ending turn
 AI AI Bot 1's turn - Elixir: 10, Hand: 4 cards
 AI AI Bot 1 is making moves...
 AI AI Bot 1 made 1 moves, waiting 100ms
 AI AI Bot 1 ending turn
 AI AI Bot 3's turn - Elixir: 11, Hand: 4 cards
 AI AI Bot 3 is making moves...
 AI AI Bot 3 made 1 moves, waiting 100ms
 AI AI Bot 3 ending turn
 AI AI Bot 1's turn - Elixir: 9, Hand: 4 cards
 AI AI Bot 1 is making moves...
 AI AI Bot 1 made 1 moves, waiting 100ms
 AI AI Bot 1 ending turn
 AI AI Bot 3's turn - Elixir: 11, Hand: 4 cards
 AI AI Bot 3 is making moves...
 AI AI Bot 3 made 1 moves, waiting 100ms
 AI AI Bot 3 ending turn
 AI AI Bot 1's turn - Elixir: 8, Hand: 4 cards
 AI AI Bot 1 is making moves...
 AI AI Bot 1 made 2 moves, waiting 100ms
 AI AI Bot 1 ending turn
 AI AI Bot 3's turn - Elixir: 11, Hand: 4 cards
 AI AI Bot 3 is making moves...
 AI AI Bot 3 made 2 moves, waiting 100ms
 AI AI Bot 3 ending turn
 AI AI Bot 1's turn - Elixir: 8, Hand: 4 cards
 AI AI Bot 1 is making moves...
 AI AI Bot 1 made 2 moves, waiting 100ms
 AI AI Bot 1 ending turn
 AI AI Bot 3's turn - Elixir: 7, Hand: 4 cards
 AI AI Bot 3 is making moves...
 AI AI Bot 3 made 1 moves, waiting 100ms
 AI AI Bot 3 ending turn
 AI AI Bot 1's turn - Elixir: 8, Hand: 4 cards
 AI AI Bot 1 is making moves...
 AI AI Bot 1 made 1 moves, waiting 100ms
 AI AI Bot 1 ending turn
 AI AI Bot 3's turn - Elixir: 7, Hand: 4 cards
 AI AI Bot 3 is making moves...
 AI AI Bot 3 made 1 moves, waiting 100ms
 AI AI Bot 3 ending turn
 AI AI Bot 1's turn - Elixir: 8, Hand: 4 cards
 AI AI Bot 1 is making moves...
 AI AI Bot 1 made 1 moves, waiting 100ms
 AI AI Bot 1 ending turn
 AI AI Bot 3's turn - Elixir: 7, Hand: 4 cards
 AI AI Bot 3 is making moves...
 AI AI Bot 3 made 2 moves, waiting 100ms
 AI AI Bot 3 ending turn
 AI AI Bot 1's turn - Elixir: 8, Hand: 4 cards
 AI AI Bot 1 is making moves...
 AI AI Bot 1 made 1 moves, waiting 100ms
 AI AI Bot 1 ending turn
 AI AI Bot 3's turn - Elixir: 8, Hand: 4 cards
 AI AI Bot 3 is making moves...
 AI AI Bot 3 made 1 moves, waiting 100ms
 AI AI Bot 3 ending turn
 AI AI Bot 1's turn - Elixir: 6, Hand: 4 cards
 AI AI Bot 1 is making moves...
 AI AI Bot 1 made 2 moves, waiting 100ms
 AI AI Bot 1 ending turn
 AI AI Bot 3's turn - Elixir: 6, Hand: 4 cards
 AI AI Bot 3 is making moves...
 AI AI Bot 3 made 1 moves, waiting 100ms
 AI AI Bot 3 ending turn
 AI AI Bot 1's turn - Elixir: 6, Hand: 4 cards
 AI AI Bot 1 is making moves...
 AI AI Bot 1 made 1 moves, waiting 100ms
 AI AI Bot 1 ending turn
 AI AI Bot 3's turn - Elixir: 6, Hand: 4 cards
 AI AI Bot 3 is making moves...
 AI AI Bot 3 made 1 moves, waiting 100ms
 AI AI Bot 3 ending turn
 AI AI Bot 1's turn - Elixir: 8, Hand: 4 cards
 AI AI Bot 1 is making moves...
 AI AI Bot 1 made 2 moves, waiting 100ms
 AI AI Bot 1 ending turn
 AI AI Bot 3's turn - Elixir: 7, Hand: 4 cards
 AI AI Bot 3 is making moves...
 AI AI Bot 3 made 1 moves, waiting 100ms
 AI AI Bot 3 ending turn
 AI AI Bot 1's turn - Elixir: 7, Hand: 4 cards
 AI AI Bot 1 is making moves...
 AI AI Bot 1 made 1 moves, waiting 100ms
 AI AI Bot 1 ending turn
 AI AI Bot 3's turn - Elixir: 8, Hand: 4 cards
 AI AI Bot 3 is making moves...
 AI AI Bot 3 made 1 moves, waiting 100ms
 AI AI Bot 3 ending turn
 AI AI Bot 1's turn - Elixir: 6, Hand: 4 cards
 AI AI Bot 1 is making moves...
 AI AI Bot 1 made 2 moves, waiting 100ms
 AI AI Bot 1 ending turn
 AI AI Bot 3's turn - Elixir: 8, Hand: 4 cards
 AI AI Bot 3 is making moves...
 AI AI Bot 3 made 2 moves, waiting 100ms
 AI AI Bot 3 ending turn
 AI AI Bot 1's turn - Elixir: 6, Hand: 4 cards
 AI AI Bot 1 is making moves...
 AI AI Bot 1 made 1 moves, waiting 100ms
 AI AI Bot 1 ending turn
 AI AI Bot 3's turn - Elixir: 8, Hand: 4 cards
 AI AI Bot 3 is making moves...
 AI AI Bot 3 made 2 moves, waiting 100ms
 AI AI Bot 3 ending turn
 AI AI Bot 1's turn - Elixir: 9, Hand: 4 cards
 AI AI Bot 1 is making moves...
 AI AI Bot 1 made 1 moves, waiting 100ms
 AI AI Bot 1 ending turn
 AI AI Bot 3's turn - Elixir: 7, Hand: 4 cards
 AI AI Bot 3 is making moves...
 AI AI Bot 3 made 1 moves, waiting 100ms
 AI AI Bot 3 ending turn
 AI AI Bot 1's turn - Elixir: 8, Hand: 4 cards
 AI AI Bot 1 is making moves...
 AI AI Bot 1 made 1 moves, waiting 100ms
 AI AI Bot 1 ending turn
 AI AI Bot 3's turn - Elixir: 7, Hand: 4 cards
 AI AI Bot 3 is making moves...
 AI AI Bot 3 made 1 moves, waiting 100ms
 AI AI Bot 3 ending turn
 AI AI Bot 1's turn - Elixir: 7, Hand: 4 cards
 AI AI Bot 1 is making moves...
 AI AI Bot 1 made 1 moves, waiting 100ms
 AI AI Bot 1 ending turn
 AI AI Bot 3's turn - Elixir: 6, Hand: 4 cards
 AI AI Bot 3 is making moves...
 AI AI Bot 3 made 1 moves, waiting 100ms
 AI AI Bot 3 ending turn
 AI AI Bot 1's turn - Elixir: 6, Hand: 4 cards
 AI AI Bot 1 is making moves...
 AI AI Bot 1 made 2 moves, waiting 100ms
 AI AI Bot 1 ending turn
 AI AI Bot 3's turn - Elixir: 8, Hand: 4 cards
 AI AI Bot 3 is making moves...
 AI AI Bot 3 made 2 moves, waiting 100ms
 AI AI Bot 3 ending turn
 AI AI Bot 1's turn - Elixir: 6, Hand: 4 cards
 AI AI Bot 1 is making moves...
 AI AI Bot 1 made 1 moves, waiting 100ms
 AI AI Bot 1 ending turn
 AI AI Bot 3's turn - Elixir: 8, Hand: 4 cards
 AI AI Bot 3 is making moves...
 AI AI Bot 3 made 1 moves, waiting 100ms
 AI AI Bot 3 ending turn
 AI AI Bot 1's turn - Elixir: 8, Hand: 4 cards
 AI AI Bot 1 is making moves...
 AI AI Bot 1 made 1 moves, waiting 100ms
 AI AI Bot 1 ending turn
 AI AI Bot 3's turn - Elixir: 11, Hand: 4 cards
 AI AI Bot 3 is making moves...
 AI AI Bot 3 made 2 moves, waiting 100ms
 AI AI Bot 3 ending turn
 AI AI Bot 1's turn - Elixir: 7, Hand: 4 cards
 AI AI Bot 1 is making moves...
 AI AI Bot 1 made 2 moves, waiting 100ms
 AI AI Bot 1 ending turn
 AI AI Bot 3's turn - Elixir: 7, Hand: 4 cards
 AI AI Bot 3 is making moves...
 AI AI Bot 3 made 1 moves, waiting 100ms
 AI AI Bot 3 ending turn
 AI AI Bot 1's turn - Elixir: 7, Hand: 4 cards
 AI AI Bot 1 is making moves...
 AI AI Bot 1 made 1 moves, waiting 100ms
 AI AI Bot 1 ending turn
 AI AI Bot 3's turn - Elixir: 6, Hand: 4 cards
 AI AI Bot 3 is making moves...
 AI AI Bot 3 made 2 moves, waiting 100ms
 AI AI Bot 3 ending turn
 AI AI Bot 1's turn - Elixir: 7, Hand: 4 cards
 AI AI Bot 1 is making moves...
 AI AI Bot 1 made 1 moves, waiting 100ms
 AI AI Bot 1 ending turn
 AI AI Bot 3's turn - Elixir: 6, Hand: 4 cards
 AI AI Bot 3 is making moves...
 AI AI Bot 3 made 1 moves, waiting 100ms
 AI AI Bot 3 ending turn
 AI AI Bot 1's turn - Elixir: 6, Hand: 4 cards
 AI AI Bot 1 is making moves...
 AI AI Bot 1 made 2 moves, waiting 100ms
 AI AI Bot 1 ending turn
 AI AI Bot 3's turn - Elixir: 8, Hand: 4 cards
 AI AI Bot 3 is making moves...
 AI AI Bot 3 made 2 moves, waiting 100ms
 AI AI Bot 3 ending turn
 AI AI Bot 1's turn - Elixir: 6, Hand: 4 cards
 AI AI Bot 1 is making moves...
 AI AI Bot 1 made 1 moves, waiting 100ms
 AI AI Bot 1 ending turn
 AI AI Bot 3's turn - Elixir: 8, Hand: 4 cards
 AI AI Bot 3 is making moves...
 AI AI Bot 3 made 1 moves, waiting 100ms
 AI AI Bot 3 ending turn
 AI AI Bot 1's turn - Elixir: 9, Hand: 4 cards
 AI AI Bot 1 is making moves...
 AI AI Bot 1 made 1 moves, waiting 100ms
 AI AI Bot 1 ending turn
 AI AI Bot 3's turn - Elixir: 7, Hand: 4 cards
 AI AI Bot 3 is making moves...
 AI AI Bot 3 made 1 moves, waiting 100ms
 AI AI Bot 3 ending turn
 AI AI Bot 1's turn - Elixir: 7, Hand: 4 cards
 AI AI Bot 1 is making moves...
 AI AI Bot 1 made 1 moves, waiting 100ms
 AI AI Bot 1 ending turn
 AI AI Bot 3's turn - Elixir: 6, Hand: 4 cards
 AI AI Bot 3 is making moves...
 AI AI Bot 3 made 2 moves, waiting 100ms
 AI AI Bot 3 ending turn
 AI AI Bot 1's turn - Elixir: 6, Hand: 4 cards
 AI AI Bot 1 is making moves...
 AI AI Bot 1 made 1 moves, waiting 100ms
 AI AI Bot 1 ending turn
 AI AI Bot 3's turn - Elixir: 8, Hand: 4 cards
 AI AI Bot 3 is making moves...
 AI AI Bot 3 made 1 moves, waiting 100ms
 AI AI Bot 3 ending turn
 AI AI Bot 1's turn - Elixir: 9, Hand: 4 cards
 AI AI Bot 1 is making moves...
 AI AI Bot 1 made 3 moves, waiting 100ms
 AI AI Bot 1 ending turn
 AI AI Bot 3's turn - Elixir: 7, Hand: 4 cards
 AI AI Bot 3 is making moves...
 AI AI Bot 3 made 1 moves, waiting 100ms
 AI AI Bot 3 ending turn
 AI AI Bot 1's turn - Elixir: 6, Hand: 4 cards
 AI AI Bot 1 is making moves...
 AI AI Bot 1 made 1 moves, waiting 100ms
 AI AI Bot 1 ending turn
 AI AI Bot 3's turn - Elixir: 7, Hand: 4 cards
 AI AI Bot 3 is making moves...
 AI AI Bot 3 made 2 moves, waiting 100ms
 AI AI Bot 3 ending turn
 AI AI Bot 1's turn - Elixir: 6, Hand: 4 cards
 AI AI Bot 1 is making moves...
 AI AI Bot 1 made 0 moves, waiting 100ms
 AI AI Bot 1 ending turn
 AI AI Bot 3's turn - Elixir: 6, Hand: 4 cards
 AI AI Bot 3 is making moves...
 AI AI Bot 3 made 1 moves, waiting 100ms
 AI AI Bot 3 ending turn
 AI AI Bot 1's turn - Elixir: 12, Hand: 4 cards
 AI AI Bot 1 is making moves...
 AI AI Bot 1 made 2 moves, waiting 100ms
 AI AI Bot 1 ending turn
 AI AI Bot 3's turn - Elixir: 9, Hand: 4 cards
 AI AI Bot 3 is making moves...
 AI AI Bot 3 made 1 moves, waiting 100ms
 AI AI Bot 3 ending turn
 AI AI Bot 1's turn - Elixir: 8, Hand: 4 cards
 AI AI Bot 1 is making moves...
 AI AI Bot 1 made 1 moves, waiting 100ms
 AI AI Bot 1 ending turn
 AI AI Bot 3's turn - Elixir: 8, Hand: 4 cards
 AI AI Bot 3 is making moves...
 AI AI Bot 3 made 1 moves, waiting 100ms
 AI AI Bot 3 ending turn
 AI AI Bot 1's turn - Elixir: 7, Hand: 4 cards
 AI AI Bot 1 is making moves...
 AI AI Bot 1 made 1 moves, waiting 100ms
 AI AI Bot 1 ending turn
 AI AI Bot 3's turn - Elixir: 8, Hand: 4 cards
 AI AI Bot 3 is making moves...
 AI AI Bot 3 made 1 moves, waiting 100ms
 AI AI Bot 3 ending turn
 AI AI Bot 1's turn - Elixir: 9, Hand: 4 cards
 AI AI Bot 1 is making moves...
 AI AI Bot 1 made 1 moves, waiting 100ms
 AI AI Bot 1 ending turn
 AI AI Bot 3's turn - Elixir: 10, Hand: 4 cards
 AI AI Bot 3 is making moves...
 AI AI Bot 3 made 1 moves, waiting 100ms
 AI AI Bot 3 ending turn
 AI AI Bot 1's turn - Elixir: 8, Hand: 4 cards
 AI AI Bot 1 is making moves...
 AI AI Bot 1 made 1 moves, waiting 100ms
 AI AI Bot 1 ending turn
 AI AI Bot 3's turn - Elixir: 9, Hand: 4 cards
 AI AI Bot 3 is making moves...
 AI AI Bot 3 made 1 moves, waiting 100ms
 AI AI Bot 3 ending turn
 AI AI Bot 1's turn - Elixir: 7, Hand: 4 cards
 AI AI Bot 1 is making moves...
 AI AI Bot 1 made 1 moves, waiting 100ms
 AI AI Bot 1 ending turn
 AI AI Bot 3's turn - Elixir: 8, Hand: 4 cards
 AI AI Bot 3 is making moves...
 AI AI Bot 3 made 2 moves, waiting 100ms
 AI AI Bot 3 ending turn
 AI AI Bot 1's turn - Elixir: 6, Hand: 4 cards
 AI AI Bot 1 is making moves...
 AI AI Bot 1 made 1 moves, waiting 100ms
 AI AI Bot 1 ending turn
 AI AI Bot 3's turn - Elixir: 6, Hand: 4 cards
 AI AI Bot 3 is making moves...
 AI AI Bot 3 made 1 moves, waiting 100ms
 AI AI Bot 3 ending turn
 AI AI Bot 1's turn - Elixir: 8, Hand: 4 cards
 AI AI Bot 1 is making moves...
 AI AI Bot 1 made 1 moves, waiting 100ms
 AI AI Bot 1 ending turn
 AI AI Bot 3's turn - Elixir: 8, Hand: 4 cards
 AI AI Bot 3 is making moves...
 AI AI Bot 3 made 1 moves, waiting 100ms
 AI AI Bot 3 ending turn
 AI AI Bot 1's turn - Elixir: 7, Hand: 4 cards
 AI AI Bot 1 is making moves...
 AI AI Bot 1 made 1 moves, waiting 100ms
 AI AI Bot 1 ending turn
 AI AI Bot 3's turn - Elixir: 9, Hand: 4 cards
 AI AI Bot 3 is making moves...
 AI AI Bot 3 made 1 moves, waiting 100ms
 AI AI Bot 3 ending turn
 AI AI Bot 1's turn - Elixir: 7, Hand: 4 cards
 AI AI Bot 1 is making moves...
 AI AI Bot 1 made 1 moves, waiting 100ms
 AI AI Bot 1 ending turn
 AI AI Bot 3's turn - Elixir: 8, Hand: 4 cards
 AI AI Bot 3 is making moves...
 AI AI Bot 3 made 2 moves, waiting 100ms
 AI AI Bot 3 ending turn
 AI AI Bot 1's turn - Elixir: 7, Hand: 4 cards
 AI AI Bot 1 is making moves...
 AI AI Bot 1 made 2 moves, waiting 100ms
 AI AI Bot 1 ending turn
 AI AI Bot 3's turn - Elixir: 8, Hand: 4 cards
 AI AI Bot 3 is making moves...
 AI AI Bot 3 made 2 moves, waiting 100ms
 AI AI Bot 3 ending turn
 AI AI Bot 1's turn - Elixir: 7, Hand: 4 cards
 AI AI Bot 1 is making moves...
 AI AI Bot 1 made 1 moves, waiting 100ms
 AI AI Bot 1 ending turn
 AI AI Bot 3's turn - Elixir: 8, Hand: 4 cards
 AI AI Bot 3 is making moves...
 AI AI Bot 3 made 1 moves, waiting 100ms
 AI AI Bot 3 ending turn
 AI AI Bot 1's turn - Elixir: 7, Hand: 4 cards
 AI AI Bot 1 is making moves...
 AI AI Bot 1 made 1 moves, waiting 100ms
 AI AI Bot 1 ending turn
 AI AI Bot 3's turn - Elixir: 6, Hand: 4 cards
 AI AI Bot 3 is making moves...
 AI AI Bot 3 made 1 moves, waiting 100ms
 AI AI Bot 3 ending turn
 AI AI Bot 1's turn - Elixir: 7, Hand: 4 cards
 AI AI Bot 1 is making moves...
 AI AI Bot 1 made 1 moves, waiting 100ms
 AI AI Bot 1 ending turn
 AI AI Bot 3's turn - Elixir: 6, Hand: 4 cards
 AI AI Bot 3 is making moves...
 AI AI Bot 3 made 1 moves, waiting 100ms
 AI AI Bot 3 ending turn
 AI AI Bot 1's turn - Elixir: 7, Hand: 4 cards
 AI AI Bot 1 is making moves...
 AI AI Bot 1 made 1 moves, waiting 100ms
 AI AI Bot 1 ending turn
 AI AI Bot 3's turn - Elixir: 8, Hand: 4 cards
 AI AI Bot 3 is making moves...
 AI AI Bot 3 made 2 moves, waiting 100ms
 AI AI Bot 3 ending turn
 AI AI Bot 1's turn - Elixir: 7, Hand: 4 cards
 AI AI Bot 1 is making moves...
 AI AI Bot 1 made 2 moves, waiting 100ms
 AI AI Bot 1 ending turn
 AI AI Bot 3's turn - Elixir: 6, Hand: 4 cards
 AI AI Bot 3 is making moves...
 AI AI Bot 3 made 1 moves, waiting 100ms
 AI AI Bot 3 ending turn
 AI AI Bot 1's turn - Elixir: 7, Hand: 4 cards
 AI AI Bot 1 is making moves...
 AI AI Bot 1 made 2 moves, waiting 100ms
 AI AI Bot 1 ending turn
 AI AI Bot 3's turn - Elixir: 7, Hand: 4 cards
 AI AI Bot 3 is making moves...
 AI AI Bot 3 made 1 moves, waiting 100ms
 AI AI Bot 3 ending turn
 AI AI Bot 1's turn - Elixir: 8, Hand: 4 cards
 AI AI Bot 1 is making moves...
 AI AI Bot 1 made 2 moves, waiting 100ms
 AI AI Bot 1 ending turn
 AI AI Bot 3's turn - Elixir: 7, Hand: 4 cards
 AI AI Bot 3 is making moves...
 AI AI Bot 3 made 1 moves, waiting 100ms
 AI AI Bot 3 ending turn
 AI AI Bot 1's turn - Elixir: 8, Hand: 4 cards
 AI AI Bot 1 is making moves...
 AI AI Bot 1 made 1 moves, waiting 100ms
 AI AI Bot 1 ending turn
 AI AI Bot 3's turn - Elixir: 7, Hand: 4 cards
 AI AI Bot 3 is making moves...
 AI AI Bot 3 made 1 moves, waiting 100ms
 AI AI Bot 3 ending turn
 AI AI Bot 1's turn - Elixir: 7, Hand: 4 cards
 AI AI Bot 1 is making moves...
 AI AI Bot 1 made 1 moves, waiting 100ms
 AI AI Bot 1 ending turn
 AI AI Bot 3's turn - Elixir: 6, Hand: 4 cards
 AI AI Bot 3 is making moves...
 AI AI Bot 3 made 0 moves, waiting 100ms
 AI AI Bot 3 ending turn
 AI AI Bot 1's turn - Elixir: 6, Hand: 4 cards
 AI AI Bot 1 is making moves...
 AI AI Bot 1 made 2 moves, waiting 100ms
 AI AI Bot 1 ending turn
 AI AI Bot 3's turn - Elixir: 12, Hand: 4 cards
 AI AI Bot 3 is making moves...
 AI AI Bot 3 made 2 moves, waiting 100ms
 AI AI Bot 3 ending turn
 AI AI Bot 1's turn - Elixir: 6, Hand: 4 cards
 AI AI Bot 1 is making moves...
 AI AI Bot 1 made 1 moves, waiting 100ms
 AI AI Bot 1 ending turn
 AI AI Bot 3's turn - Elixir: 7, Hand: 4 cards
 AI AI Bot 3 is making moves...
 AI AI Bot 3 made 2 moves, waiting 100ms
 AI AI Bot 3 ending turn
 AI AI Bot 1's turn - Elixir: 8, Hand: 4 cards
 AI AI Bot 1 is making moves...
 AI AI Bot 1 made 1 moves, waiting 100ms
 AI AI Bot 1 ending turn
 AI AI Bot 3's turn - Elixir: 6, Hand: 4 cards
 AI AI Bot 3 is making moves...
 AI AI Bot 3 made 1 moves, waiting 100ms
 AI AI Bot 3 ending turn
 AI AI Bot 1's turn - Elixir: 6, Hand: 4 cards
 AI AI Bot 1 is making moves...
 AI AI Bot 1 made 1 moves, waiting 100ms
 AI AI Bot 1 ending turn
 AI AI Bot 3's turn - Elixir: 6, Hand: 4 cards
 AI AI Bot 3 is making moves...
 AI AI Bot 3 made 1 moves, waiting 100ms
 AI AI Bot 3 ending turn
 AI AI Bot 1's turn - Elixir: 6, Hand: 4 cards
 AI AI Bot 1 is making moves...
 AI AI Bot 1 made 2 moves, waiting 100ms
 AI AI Bot 1 ending turn
 AI AI Bot 3's turn - Elixir: 9, Hand: 4 cards
 AI AI Bot 3 is making moves...
 AI AI Bot 3 made 1 moves, waiting 100ms
 AI AI Bot 3 ending turn
 AI AI Bot 1's turn - Elixir: 6, Hand: 4 cards
 AI AI Bot 1 is making moves...
 AI AI Bot 1 made 1 moves, waiting 100ms
 AI AI Bot 1 ending turn
 AI AI Bot 3's turn - Elixir: 9, Hand: 4 cards
 AI AI Bot 3 is making moves...
 AI AI Bot 3 made 1 moves, waiting 100ms
 AI AI Bot 3 ending turn
 AI AI Bot 1's turn - Elixir: 9, Hand: 4 cards
 AI AI Bot 1 is making moves...
 AI AI Bot 1 made 2 moves, waiting 100ms
 AI AI Bot 1 ending turn
 AI AI Bot 3's turn - Elixir: 11, Hand: 4 cards
 AI AI Bot 3 is making moves...
 AI AI Bot 3 made 1 moves, waiting 100ms
 AI AI Bot 3 ending turn
 AI AI Bot 1's turn - Elixir: 7, Hand: 4 cards
 AI AI Bot 1 is making moves...
 AI AI Bot 1 made 1 moves, waiting 100ms
 AI AI Bot 1 ending turn
 AI AI Bot 3's turn - Elixir: 10, Hand: 4 cards
 AI AI Bot 3 is making moves...
 AI AI Bot 3 made 2 moves, waiting 100ms
 AI AI Bot 3 ending turn
 AI AI Bot 1's turn - Elixir: 6, Hand: 4 cards
 AI AI Bot 1 is making moves...
 AI AI Bot 1 made 2 moves, waiting 100ms
 AI AI Bot 1 ending turn
 AI AI Bot 3's turn - Elixir: 6, Hand: 4 cards
 AI AI Bot 3 is making moves...
 AI AI Bot 3 made 2 moves, waiting 100ms
 AI AI Bot 3 ending turn
 AI AI Bot 1's turn - Elixir: 6, Hand: 4 cards
 AI AI Bot 1 is making moves...
 AI AI Bot 1 made 1 moves, waiting 100ms
 AI AI Bot 1 ending turn
 AI AI Bot 3's turn - Elixir: 6, Hand: 4 cards
 AI AI Bot 3 is making moves...
 AI AI Bot 3 made 1 moves, waiting 100ms
 AI AI Bot 3 ending turn
 AI AI Bot 1's turn - Elixir: 8, Hand: 4 cards
 AI AI Bot 1 is making moves...
 AI AI Bot 1 made 2 moves, waiting 100ms
 AI AI Bot 1 ending turn
 AI AI Bot 3's turn - Elixir: 6, Hand: 4 cards
 AI AI Bot 3 is making moves...
 AI AI Bot 3 made 0 moves, waiting 100ms
 AI AI Bot 3 ending turn
 AI AI Bot 1's turn - Elixir: 8, Hand: 4 cards
 AI AI Bot 1 is making moves...
 AI AI Bot 1 made 1 moves, waiting 100ms
 AI AI Bot 1 ending turn
 AI AI Bot 3's turn - Elixir: 12, Hand: 4 cards
 AI AI Bot 3 is making moves...
 AI AI Bot 3 made 1 moves, waiting 100ms
 AI AI Bot 3 ending turn
 AI AI Bot 1's turn - Elixir: 7, Hand: 4 cards
 AI AI Bot 1 is making moves...
 AI AI Bot 1 made 2 moves, waiting 100ms
 AI AI Bot 1 ending turn
 AI AI Bot 3's turn - Elixir: 11, Hand: 4 cards
 AI AI Bot 3 is making moves...
 AI AI Bot 3 made 2 moves, waiting 100ms
 AI AI Bot 3 ending turn
 AI AI Bot 1's turn - Elixir: 8, Hand: 4 cards
 AI AI Bot 1 is making moves...
 AI AI Bot 1 made 2 moves, waiting 100ms
 AI AI Bot 1 ending turn
 AI AI Bot 3's turn - Elixir: 8, Hand: 4 cards
 AI AI Bot 3 is making moves...
 AI AI Bot 3 made 1 moves, waiting 100ms
 AI AI Bot 3 ending turn
 AI AI Bot 1's turn - Elixir: 7, Hand: 4 cards
 AI AI Bot 1 is making moves...
 AI AI Bot 1 made 2 moves, waiting 100ms
 AI AI Bot 1 ending turn
 AI AI Bot 3's turn - Elixir: 7, Hand: 4 cards
 AI AI Bot 3 is making moves...
 AI AI Bot 3 made 2 moves, waiting 100ms
 AI AI Bot 3 ending turn
 AI AI Bot 1's turn - Elixir: 7, Hand: 4 cards
 AI AI Bot 1 is making moves...
 AI AI Bot 1 made 2 moves, waiting 100ms
 AI AI Bot 1 ending turn
 AI AI Bot 3's turn - Elixir: 7, Hand: 4 cards
 AI AI Bot 3 is making moves...
 AI AI Bot 3 made 2 moves, waiting 100ms
 AI AI Bot 3 ending turn
 AI AI Bot 1's turn - Elixir: 7, Hand: 4 cards
 AI AI Bot 1 is making moves...
 AI AI Bot 1 made 1 moves, waiting 100ms
 AI AI Bot 1 ending turn
 AI AI Bot 3's turn - Elixir: 6, Hand: 4 cards
 AI AI Bot 3 is making moves...
 AI AI Bot 3 made 1 moves, waiting 100ms
 AI AI Bot 3 ending turn
 AI AI Bot 1's turn - Elixir: 6, Hand: 4 cards
 AI AI Bot 1 is making moves...
 AI AI Bot 1 made 2 moves, waiting 100ms
 AI AI Bot 1 ending turn
 AI AI Bot 3's turn - Elixir: 6, Hand: 4 cards
 AI AI Bot 3 is making moves...
 AI AI Bot 3 made 0 moves, waiting 100ms
 AI AI Bot 3 ending turn
 AI AI Bot 1's turn - Elixir: 6, Hand: 4 cards
 AI AI Bot 1 is making moves...
 AI AI Bot 1 made 1 moves, waiting 100ms
 AI AI Bot 1 ending turn
 AI AI Bot 3's turn - Elixir: 12, Hand: 4 cards
 AI AI Bot 3 is making moves...
 AI AI Bot 3 made 3 moves, waiting 100ms
 AI AI Bot 3 ending turn
 AI AI Bot 1's turn - Elixir: 9, Hand: 4 cards
 AI AI Bot 1 is making moves...
 AI AI Bot 1 made 2 moves, waiting 100ms
 AI AI Bot 1 ending turn
 AI AI Bot 3's turn - Elixir: 6, Hand: 4 cards
 AI AI Bot 3 is making moves...
 AI AI Bot 3 made 1 moves, waiting 100ms
 AI AI Bot 3 ending turn
 AI AI Bot 1's turn - Elixir: 7, Hand: 4 cards
 AI AI Bot 1 is making moves...
 AI AI Bot 1 made 2 moves, waiting 100ms
 AI AI Bot 1 ending turn
 AI AI Bot 3's turn - Elixir: 6, Hand: 4 cards
 AI AI Bot 3 is making moves...
 AI AI Bot 3 made 1 moves, waiting 100ms
 AI AI Bot 3 ending turn
 AI AI Bot 1's turn - Elixir: 7, Hand: 4 cards
 AI AI Bot 1 is making moves...
 AI AI Bot 1 made 1 moves, waiting 100ms
 AI AI Bot 1 ending turn
 AI AI Bot 3's turn - Elixir: 6, Hand: 4 cards
 AI AI Bot 3 is making moves...
 AI AI Bot 3 made 1 moves, waiting 100ms
 AI AI Bot 3 ending turn
 AI AI Bot 1's turn - Elixir: 6, Hand: 4 cards
 AI AI Bot 1 is making moves...
 AI AI Bot 1 made 2 moves, waiting 100ms
 AI AI Bot 1 ending turn
 AI AI Bot 3's turn - Elixir: 8, Hand: 4 cards
 AI AI Bot 3 is making moves...
 AI AI Bot 3 made 1 moves, waiting 100ms
 AI AI Bot 3 ending turn
 AI AI Bot 1's turn - Elixir: 6, Hand: 4 cards
 AI AI Bot 1 is making moves...
 AI AI Bot 1 made 1 moves, waiting 100ms
 AI AI Bot 1 ending turn
 AI AI Bot 3's turn - Elixir: 8, Hand: 4 cards
 AI AI Bot 3 is making moves...
 AI AI Bot 3 made 1 moves, waiting 100ms
 AI AI Bot 3 ending turn
 AI AI Bot 1's turn - Elixir: 8, Hand: 4 cards
 AI AI Bot 1 is making moves...
 AI AI Bot 1 made 1 moves, waiting 100ms
 AI AI Bot 1 ending turn
 AI AI Bot 3's turn - Elixir: 11, Hand: 4 cards
 AI AI Bot 3 is making moves...
 AI AI Bot 3 made 2 moves, waiting 100ms
 AI AI Bot 3 ending turn
 AI AI Bot 1's turn - Elixir: 7, Hand: 4 cards
 AI AI Bot 1 is making moves...
 AI AI Bot 1 made 1 moves, waiting 100ms
 AI AI Bot 1 ending turn
 AI AI Bot 3's turn - Elixir: 9, Hand: 4 cards
 AI AI Bot 3 is making moves...
 AI AI Bot 3 made 1 moves, waiting 100ms
 AI AI Bot 3 ending turn
 AI AI Bot 1's turn - Elixir: 7, Hand: 4 cards
 AI AI Bot 1 is making moves...
 AI AI Bot 1 made 1 moves, waiting 100ms
 AI AI Bot 1 ending turn
 AI AI Bot 3's turn - Elixir: 8, Hand: 4 cards
 AI AI Bot 3 is making moves...
 AI AI Bot 3 made 1 moves, waiting 100ms
 AI AI Bot 3 ending turn
 AI AI Bot 1's turn - Elixir: 6, Hand: 4 cards
 AI AI Bot 1 is making moves...
 AI AI Bot 1 made 1 moves, waiting 100ms
 AI AI Bot 1 ending turn
 AI AI Bot 3's turn - Elixir: 8, Hand: 4 cards
 AI AI Bot 3 is making moves...
 AI AI Bot 3 made 1 moves, waiting 100ms
 AI AI Bot 3 ending turn
 AI AI Bot 1's turn - Elixir: 6, Hand: 4 cards
 AI AI Bot 1 is making moves...
 AI AI Bot 1 made 1 moves, waiting 100ms
 AI AI Bot 1 ending turn
 AI AI Bot 3's turn - Elixir: 11, Hand: 4 cards
 AI AI Bot 3 is making moves...
 AI AI Bot 3 made 2 moves, waiting 100ms
 AI AI Bot 3 ending turn
 AI AI Bot 1's turn - Elixir: 8, Hand: 4 cards
 AI AI Bot 1 is making moves...
 AI AI Bot 1 made 1 moves, waiting 100ms
 AI AI Bot 1 ending turn
 AI AI Bot 3's turn - Elixir: 7, Hand: 4 cards
 AI AI Bot 3 is making moves...
 AI AI Bot 3 made 1 moves, waiting 100ms
 AI AI Bot 3 ending turn
 AI AI Bot 1's turn - Elixir: 8, Hand: 4 cards
 AI AI Bot 1 is making moves...
 AI AI Bot 1 made 1 moves, waiting 100ms
 AI AI Bot 1 ending turn
 AI AI Bot 3's turn - Elixir: 11, Hand: 4 cards
 AI AI Bot 3 is making moves...
 AI AI Bot 3 made 3 moves, waiting 100ms
 AI AI Bot 3 ending turn
 AI AI Bot 1's turn - Elixir: 7, Hand: 4 cards
 AI AI Bot 1 is making moves...
 AI AI Bot 1 made 1 moves, waiting 100ms
 AI AI Bot 1 ending turn
 AI AI Bot 3's turn - Elixir: 6, Hand: 4 cards
 AI AI Bot 3 is making moves...
 AI AI Bot 3 made 2 moves, waiting 100ms
 AI AI Bot 3 ending turn
 AI AI Bot 1's turn - Elixir: 7, Hand: 4 cards
 AI AI Bot 1 is making moves...
 AI AI Bot 1 made 1 moves, waiting 100ms
 AI AI Bot 1 ending turn
 AI AI Bot 3's turn - Elixir: 7, Hand: 4 cards
 AI AI Bot 3 is making moves...
 AI AI Bot 3 made 1 moves, waiting 100ms
 AI AI Bot 3 ending turn
 AI AI Bot 1's turn - Elixir: 7, Hand: 4 cards
 AI AI Bot 1 is making moves...
 AI AI Bot 1 made 1 moves, waiting 100ms
 AI AI Bot 1 ending turn
 AI AI Bot 3's turn - Elixir: 11, Hand: 4 cards
 AI AI Bot 3 is making moves...
 AI AI Bot 3 made 1 moves, waiting 100ms
 AI AI Bot 3 ending turn
 AI AI Bot 1's turn - Elixir: 6, Hand: 4 cards
 AI AI Bot 1 is making moves...
 AI AI Bot 1 made 1 moves, waiting 100ms
 AI AI Bot 1 ending turn
 AI AI Bot 3's turn - Elixir: 11, Hand: 4 cards
 AI AI Bot 3 is making moves...
 AI AI Bot 3 made 1 moves, waiting 100ms
 AI AI Bot 3 ending turn
 AI AI Bot 1's turn - Elixir: 9, Hand: 4 cards
 AI AI Bot 1 is making moves...
 AI AI Bot 1 made 1 moves, waiting 100ms
 AI AI Bot 1 ending turn
 AI AI Bot 3's turn - Elixir: 10, Hand: 4 cards
 AI AI Bot 3 is making moves...
 AI AI Bot 3 made 2 moves, waiting 100ms
 AI AI Bot 3 ending turn
 AI AI Bot 1's turn - Elixir: 8, Hand: 4 cards
 AI AI Bot 1 is making moves...
 AI AI Bot 1 made 1 moves, waiting 100ms
 AI AI Bot 1 ending turn
 AI AI Bot 3's turn - Elixir: 6, Hand: 4 cards
 AI AI Bot 3 is making moves...
 AI AI Bot 3 made 0 moves, waiting 100ms
 AI AI Bot 3 ending turn
 AI AI Bot 1's turn - Elixir: 7, Hand: 4 cards
 AI AI Bot 1 is making moves...
 AI AI Bot 1 made 1 moves, waiting 100ms
 AI AI Bot 1 ending turn
 AI AI Bot 3's turn - Elixir: 12, Hand: 4 cards
 AI AI Bot 3 is making moves...
 AI AI Bot 3 made 2 moves, waiting 100ms
 AI AI Bot 3 ending turn
 AI AI Bot 1's turn - Elixir: 6, Hand: 4 cards
 AI AI Bot 1 is making moves...
 AI AI Bot 1 made 1 moves, waiting 100ms
 AI AI Bot 1 ending turn
 AI AI Bot 3's turn - Elixir: 8, Hand: 4 cards
 AI AI Bot 3 is making moves...
 AI AI Bot 3 made 1 moves, waiting 100ms
 AI AI Bot 3 ending turn
 AI AI Bot 1's turn - Elixir: 6, Hand: 4 cards
 AI AI Bot 1 is making moves...
 AI AI Bot 1 made 2 moves, waiting 100ms
 AI AI Bot 1 ending turn
 AI AI Bot 3's turn - Elixir: 8, Hand: 4 cards
 AI AI Bot 3 is making moves...
 AI AI Bot 3 made 1 moves, waiting 100ms
 AI AI Bot 3 ending turn
 AI AI Bot 1's turn - Elixir: 6, Hand: 4 cards
 AI AI Bot 1 is making moves...
 AI AI Bot 1 made 1 moves, waiting 100ms
 AI AI Bot 1 ending turn
 AI AI Bot 3's turn - Elixir: 8, Hand: 4 cards
 AI AI Bot 3 is making moves...
 AI AI Bot 3 made 2 moves, waiting 100ms
 AI AI Bot 3 ending turn
 AI AI Bot 1's turn - Elixir: 8, Hand: 4 cards
 AI AI Bot 1 is making moves...
 AI AI Bot 1 made 2 moves, waiting 100ms
 AI AI Bot 1 ending turn
 AI AI Bot 3's turn - Elixir: 7, Hand: 4 cards
 AI AI Bot 3 is making moves...
 AI AI Bot 3 made 1 moves, waiting 100ms
 AI AI Bot 3 ending turn
 AI AI Bot 1's turn - Elixir: 8, Hand: 4 cards
 AI AI Bot 1 is making moves...
 AI AI Bot 1 made 1 moves, waiting 100ms
 AI AI Bot 1 ending turn
 AI AI Bot 3's turn - Elixir: 11, Hand: 4 cards
 AI AI Bot 3 is making moves...
 AI AI Bot 3 made 2 moves, waiting 100ms
 AI AI Bot 3 ending turn
 AI AI Bot 1's turn - Elixir: 7, Hand: 4 cards
 AI AI Bot 1 is making moves...
 AI AI Bot 1 made 1 moves, waiting 100ms
 AI AI Bot 1 ending turn
 AI AI Bot 3's turn - Elixir: 7, Hand: 4 cards
 AI AI Bot 3 is making moves...
 AI AI Bot 3 made 1 moves, waiting 100ms
 AI AI Bot 3 ending turn
 AI AI Bot 1's turn - Elixir: 7, Hand: 4 cards
 AI AI Bot 1 is making moves...
 AI AI Bot 1 made 3 moves, waiting 100ms
 AI AI Bot 1 ending turn
 AI AI Bot 3's turn - Elixir: 9, Hand: 4 cards
 AI AI Bot 3 is making moves...
 AI AI Bot 3 made 1 moves, waiting 100ms
 AI AI Bot 3 ending turn
 AI AI Bot 1's turn - Elixir: 6, Hand: 4 cards
 AI AI Bot 1 is making moves...
 AI AI Bot 1 made 2 moves, waiting 100ms
 AI AI Bot 1 ending turn
 AI AI Bot 3's turn - Elixir: 9, Hand: 4 cards
 AI AI Bot 3 is making moves...
 AI AI Bot 3 made 1 moves, waiting 100ms
 AI AI Bot 3 ending turn
 AI AI Bot 1's turn - Elixir: 7, Hand: 4 cards
 AI AI Bot 1 is making moves...
 AI AI Bot 1 made 1 moves, waiting 100ms
 AI AI Bot 1 ending turn
 AI AI Bot 3's turn - Elixir: 9, Hand: 4 cards
 AI AI Bot 3 is making moves...
 AI AI Bot 3 made 1 moves, waiting 100ms
 AI AI Bot 3 ending turn
 AI AI Bot 1's turn - Elixir: 6, Hand: 4 cards
 AI AI Bot 1 is making moves...
 AI AI Bot 1 made 1 moves, waiting 100ms
 AI AI Bot 1 ending turn
 AI AI Bot 3's turn - Elixir: 10, Hand: 4 cards
 AI AI Bot 3 is making moves...
 AI AI Bot 3 made 1 moves, waiting 100ms
 AI AI Bot 3 ending turn
 AI AI Bot 1's turn - Elixir: 6, Hand: 4 cards
 AI AI Bot 1 is making moves...
 AI AI Bot 1 made 2 moves, waiting 100ms
 AI AI Bot 1 ending turn
 AI AI Bot 3's turn - Elixir: 9, Hand: 4 cards
 AI AI Bot 3 is making moves...
 AI AI Bot 3 made 0 moves, waiting 100ms
 AI AI Bot 3 ending turn
 AI AI Bot 1's turn - Elixir: 7, Hand: 4 cards
 AI AI Bot 1 is making moves...
 AI AI Bot 1 made 1 moves, waiting 100ms
 AI AI Bot 1 ending turn
 AI AI Bot 3's turn - Elixir: 15, Hand: 4 cards
 AI AI Bot 3 is making moves...
 AI AI Bot 3 made 1 moves, waiting 100ms
 AI AI Bot 3 ending turn
 AI AI Bot 1's turn - Elixir: 6, Hand: 4 cards
 AI AI Bot 1 is making moves...
 AI AI Bot 1 made 1 moves, waiting 100ms
 AI AI Bot 1 ending turn
 AI AI Bot 3's turn - Elixir: 6, Hand: 4 cards
 AI AI Bot 3 is making moves...
 AI AI Bot 3 made 2 moves, waiting 100ms
 AI AI Bot 3 ending turn
 AI AI Bot 1's turn - Elixir: 8, Hand: 4 cards
 AI AI Bot 1 is making moves...
 AI AI Bot 1 made 2 moves, waiting 100ms
 AI AI Bot 1 ending turn
 AI AI Bot 3's turn - Elixir: 6, Hand: 4 cards
 AI AI Bot 3 is making moves...
 AI AI Bot 3 made 0 moves, waiting 100ms
 AI AI Bot 3 ending turn
 AI AI Bot 1's turn - Elixir: 7, Hand: 4 cards
 AI AI Bot 1 is making moves...
 AI AI Bot 1 made 1 moves, waiting 100ms
 AI AI Bot 1 ending turn
 AI AI Bot 3's turn - Elixir: 12, Hand: 4 cards
 AI AI Bot 3 is making moves...
 AI AI Bot 3 made 2 moves, waiting 100ms
 AI AI Bot 3 ending turn
 AI AI Bot 1's turn - Elixir: 6, Hand: 4 cards
 AI AI Bot 1 is making moves...
 AI AI Bot 1 made 1 moves, waiting 100ms
 AI AI Bot 1 ending turn
 AI AI Bot 3's turn - Elixir: 6, Hand: 4 cards
 AI AI Bot 3 is making moves...
 AI AI Bot 3 made 1 moves, waiting 100ms
 AI AI Bot 3 ending turn
 Updated AI statistics: 67/171 wins (39.2% win rate)
 Updated AI statistics: 68/174 wins (39.1% win rate)
User disconnected: awZgaIXSu7GuTwA_AAAJ
Player Cooper (awZgaIXSu7GuTwA_AAAJ) disconnected, removing from game
User connected: pghCQbPj7t_4SXfpAAAL
Room room1 has been reset
Added AI Bot 1 with 4 cards, elixir: 8
Game room7 started in turns mode. Players: 2
 AI AI Bot 1's turn - Elixir: 14, Hand: 4 cards
 AI AI Bot 1 is making moves...
 AI AI Bot 1 made 4 moves, waiting 100ms
 AI AI Bot 1 ending turn
 AI AI Bot 1's turn - Elixir: 6, Hand: 4 cards
 AI AI Bot 1 is making moves...
 AI AI Bot 1 made 1 moves, waiting 100ms
 AI AI Bot 1 ending turn
 AI AI Bot 1's turn - Elixir: 8, Hand: 4 cards
 AI AI Bot 1 is making moves...
 AI AI Bot 1 made 2 moves, waiting 100ms
 AI AI Bot 1 ending turn
 AI AI Bot 1's turn - Elixir: 6, Hand: 4 cards
 AI AI Bot 1 is making moves...
 AI AI Bot 1 made 1 moves, waiting 100ms
 AI AI Bot 1 ending turn
 AI AI Bot 1's turn - Elixir: 9, Hand: 4 cards
 AI AI Bot 1 is making moves...
 AI AI Bot 1 made 2 moves, waiting 100ms
 AI AI Bot 1 ending turn
 AI AI Bot 1's turn - Elixir: 6, Hand: 4 cards
 AI AI Bot 1 is making moves...
 AI AI Bot 1 made 1 moves, waiting 100ms
 AI AI Bot 1 ending turn
 AI AI Bot 1's turn - Elixir: 6, Hand: 4 cards
 AI AI Bot 1 is making moves...
 AI AI Bot 1 made 1 moves, waiting 100ms
 AI AI Bot 1 ending turn
 AI AI Bot 1's turn - Elixir: 7, Hand: 4 cards
 AI AI Bot 1 is making moves...
 AI AI Bot 1 made 2 moves, waiting 100ms
 AI AI Bot 1 ending turn
 AI AI Bot 1's turn - Elixir: 6, Hand: 4 cards
 AI AI Bot 1 is making moves...
 AI AI Bot 1 made 0 moves, waiting 100ms
 AI AI Bot 1 ending turn
 AI AI Bot 1's turn - Elixir: 12, Hand: 4 cards
 AI AI Bot 1 is making moves...
 AI AI Bot 1 made 2 moves, waiting 100ms
 AI AI Bot 1 ending turn
 AI AI Bot 1's turn - Elixir: 6, Hand: 4 cards
 AI AI Bot 1 is making moves...
 AI AI Bot 1 made 2 moves, waiting 100ms
 AI AI Bot 1 ending turn
 AI AI Bot 1's turn - Elixir: 6, Hand: 4 cards
 AI AI Bot 1 is making moves...
 AI AI Bot 1 made 0 moves, waiting 100ms
 AI AI Bot 1 ending turn
 Updated AI statistics: 69/175 wins (39.4% win rate)
 Updated AI statistics: 70/176 wins (39.8% win rate)
Room room7 has been reset
Added AI Bot 1 with 4 cards, elixir: 8
Added AI Bot 2 with 4 cards, elixir: 8
Added AI Bot 3 with 4 cards, elixir: 8
Game room7 started in turns mode. Players: 4
 AI AI Bot 1's turn - Elixir: 14, Hand: 4 cards
 AI AI Bot 1 is making moves...
 AI AI Bot 1 made 4 moves, waiting 100ms
 AI AI Bot 1 ending turn
 AI AI Bot 2's turn - Elixir: 14, Hand: 4 cards
 AI AI Bot 2 is making moves...
 AI AI Bot 2 made 2 moves, waiting 100ms
 AI AI Bot 2 ending turn
 AI AI Bot 3's turn - Elixir: 14, Hand: 4 cards
 AI AI Bot 3 is making moves...
 AI AI Bot 3 made 3 moves, waiting 100ms
 AI AI Bot 3 ending turn
 AI AI Bot 1's turn - Elixir: 6, Hand: 4 cards
 AI AI Bot 1 is making moves...
 AI AI Bot 1 made 2 moves, waiting 100ms
 AI AI Bot 1 ending turn
 AI AI Bot 2's turn - Elixir: 7, Hand: 4 cards
 AI AI Bot 2 is making moves...
 AI AI Bot 2 made 2 moves, waiting 100ms
 AI AI Bot 2 ending turn
 AI AI Bot 3's turn - Elixir: 10, Hand: 4 cards
 AI AI Bot 3 is making moves...
 AI AI Bot 3 made 1 moves, waiting 100ms
 AI AI Bot 3 ending turn
 AI AI Bot 1's turn - Elixir: 6, Hand: 4 cards
 AI AI Bot 1 is making moves...
 AI AI Bot 1 made 1 moves, waiting 100ms
 AI AI Bot 1 ending turn
 AI AI Bot 2's turn - Elixir: 6, Hand: 4 cards
 AI AI Bot 2 is making moves...
 AI AI Bot 2 made 1 moves, waiting 100ms
 AI AI Bot 2 ending turn
 AI AI Bot 3's turn - Elixir: 10, Hand: 4 cards
 AI AI Bot 3 is making moves...
 AI AI Bot 3 made 1 moves, waiting 100ms
 AI AI Bot 3 ending turn
 AI AI Bot 1's turn - Elixir: 7, Hand: 4 cards
 AI AI Bot 1 is making moves...
 AI AI Bot 1 made 2 moves, waiting 100ms
 AI AI Bot 1 ending turn
 AI AI Bot 2's turn - Elixir: 8, Hand: 4 cards
 AI AI Bot 2 is making moves...
 AI AI Bot 2 made 1 moves, waiting 100ms
 AI AI Bot 2 ending turn
 AI AI Bot 3's turn - Elixir: 11, Hand: 4 cards
 AI AI Bot 3 is making moves...
 AI AI Bot 3 made 1 moves, waiting 100ms
 AI AI Bot 3 ending turn
 AI AI Bot 1's turn - Elixir: 7, Hand: 4 cards
 AI AI Bot 1 is making moves...
 AI AI Bot 1 made 1 moves, waiting 100ms
 AI AI Bot 1 ending turn
 AI AI Bot 2's turn - Elixir: 7, Hand: 4 cards
 AI AI Bot 2 is making moves...
 AI AI Bot 2 made 1 moves, waiting 100ms
 AI AI Bot 2 ending turn
 AI AI Bot 3's turn - Elixir: 10, Hand: 4 cards
 AI AI Bot 3 is making moves...
 AI AI Bot 3 made 1 moves, waiting 100ms
 AI AI Bot 3 ending turn
 AI AI Bot 1's turn - Elixir: 9, Hand: 4 cards
 AI AI Bot 1 is making moves...
 AI AI Bot 1 made 1 moves, waiting 100ms
 AI AI Bot 1 ending turn
 AI AI Bot 2's turn - Elixir: 6, Hand: 4 cards
 AI AI Bot 2 is making moves...
 AI AI Bot 2 made 1 moves, waiting 100ms
 AI AI Bot 2 ending turn
 AI AI Bot 3's turn - Elixir: 8, Hand: 4 cards
 AI AI Bot 3 is making moves...
 AI AI Bot 3 made 2 moves, waiting 100ms
 AI AI Bot 3 ending turn
 AI AI Bot 1's turn - Elixir: 10, Hand: 4 cards
 AI AI Bot 1 is making moves...
 AI AI Bot 1 made 1 moves, waiting 100ms
 AI AI Bot 1 ending turn
 AI AI Bot 2's turn - Elixir: 8, Hand: 4 cards
 AI AI Bot 2 is making moves...
 AI AI Bot 2 made 1 moves, waiting 100ms
 AI AI Bot 2 ending turn
 AI AI Bot 3's turn - Elixir: 6, Hand: 4 cards
 AI AI Bot 3 is making moves...
 AI AI Bot 3 made 1 moves, waiting 100ms
 AI AI Bot 3 ending turn
 AI AI Bot 1's turn - Elixir: 10, Hand: 4 cards
 AI AI Bot 1 is making moves...
 AI AI Bot 1 made 1 moves, waiting 100ms
 AI AI Bot 1 ending turn
 AI AI Bot 2's turn - Elixir: 8, Hand: 4 cards
 AI AI Bot 2 is making moves...
 AI AI Bot 2 made 1 moves, waiting 100ms
 AI AI Bot 2 ending turn
 AI AI Bot 3's turn - Elixir: 9, Hand: 4 cards
 AI AI Bot 3 is making moves...
 AI AI Bot 3 made 2 moves, waiting 100ms
 AI AI Bot 3 ending turn
 AI AI Bot 2's turn - Elixir: 6, Hand: 4 cards
 AI AI Bot 2 is making moves...
 AI AI Bot 2 made 1 moves, waiting 100ms
 AI AI Bot 2 ending turn
 AI AI Bot 3's turn - Elixir: 6, Hand: 4 cards
 AI AI Bot 3 is making moves...
 AI AI Bot 3 made 1 moves, waiting 100ms
 AI AI Bot 3 ending turn
 AI AI Bot 2's turn - Elixir: 8, Hand: 4 cards
 AI AI Bot 2 is making moves...
 AI AI Bot 2 made 1 moves, waiting 100ms
 AI AI Bot 2 ending turn
 AI AI Bot 3's turn - Elixir: 6, Hand: 4 cards
 AI AI Bot 3 is making moves...
 AI AI Bot 3 made 0 moves, waiting 100ms
 AI AI Bot 3 ending turn
 AI AI Bot 2's turn - Elixir: 7, Hand: 4 cards
 AI AI Bot 2 is making moves...
 AI AI Bot 2 made 1 moves, waiting 100ms
 AI AI Bot 2 ending turn
 AI AI Bot 3's turn - Elixir: 12, Hand: 4 cards
 AI AI Bot 3 is making moves...
 AI AI Bot 3 made 2 moves, waiting 100ms
 AI AI Bot 3 ending turn
 AI AI Bot 2's turn - Elixir: 7, Hand: 4 cards
 AI AI Bot 2 is making moves...
 AI AI Bot 2 made 1 moves, waiting 100ms
 AI AI Bot 2 ending turn
 AI AI Bot 3's turn - Elixir: 9, Hand: 4 cards
 AI AI Bot 3 is making moves...
 AI AI Bot 3 made 1 moves, waiting 100ms
 AI AI Bot 3 ending turn
 AI AI Bot 2's turn - Elixir: 7, Hand: 4 cards
 AI AI Bot 2 is making moves...
 AI AI Bot 2 made 1 moves, waiting 100ms
 AI AI Bot 2 ending turn
 AI AI Bot 3's turn - Elixir: 10, Hand: 4 cards
 AI AI Bot 3 is making moves...
 AI AI Bot 3 made 2 moves, waiting 100ms
 AI AI Bot 3 ending turn
 AI AI Bot 2's turn - Elixir: 6, Hand: 4 cards
 AI AI Bot 2 is making moves...
 AI AI Bot 2 made 1 moves, waiting 100ms
 AI AI Bot 2 ending turn
 AI AI Bot 3's turn - Elixir: 8, Hand: 4 cards
 AI AI Bot 3 is making moves...
 AI AI Bot 3 made 1 moves, waiting 100ms
 AI AI Bot 3 ending turn
 AI AI Bot 2's turn - Elixir: 6, Hand: 4 cards
 AI AI Bot 2 is making moves...
 AI AI Bot 2 made 1 moves, waiting 100ms
 AI AI Bot 2 ending turn
 AI AI Bot 3's turn - Elixir: 6, Hand: 4 cards
 AI AI Bot 3 is making moves...
 AI AI Bot 3 made 1 moves, waiting 100ms
 AI AI Bot 3 ending turn
 AI AI Bot 2's turn - Elixir: 9, Hand: 4 cards
 AI AI Bot 2 is making moves...
 AI AI Bot 2 made 1 moves, waiting 100ms
 AI AI Bot 2 ending turn
 AI AI Bot 3's turn - Elixir: 7, Hand: 4 cards
 AI AI Bot 3 is making moves...
 AI AI Bot 3 made 2 moves, waiting 100ms
 AI AI Bot 3 ending turn
 AI AI Bot 2's turn - Elixir: 9, Hand: 4 cards
 AI AI Bot 2 is making moves...
 AI AI Bot 2 made 1 moves, waiting 100ms
 AI AI Bot 2 ending turn
 AI AI Bot 3's turn - Elixir: 6, Hand: 4 cards
 AI AI Bot 3 is making moves...
 AI AI Bot 3 made 1 moves, waiting 100ms
 AI AI Bot 3 ending turn
 AI AI Bot 2's turn - Elixir: 8, Hand: 4 cards
 AI AI Bot 2 is making moves...
 AI AI Bot 2 made 1 moves, waiting 100ms
 AI AI Bot 2 ending turn
 AI AI Bot 3's turn - Elixir: 7, Hand: 4 cards
 AI AI Bot 3 is making moves...
 AI AI Bot 3 made 1 moves, waiting 100ms
 AI AI Bot 3 ending turn
 AI AI Bot 2's turn - Elixir: 9, Hand: 4 cards
 AI AI Bot 2 is making moves...
 AI AI Bot 2 made 1 moves, waiting 100ms
 AI AI Bot 2 ending turn
 AI AI Bot 3's turn - Elixir: 7, Hand: 4 cards
 AI AI Bot 3 is making moves...
 AI AI Bot 3 made 2 moves, waiting 100ms
 AI AI Bot 3 ending turn
 AI AI Bot 2's turn - Elixir: 8, Hand: 4 cards
 AI AI Bot 2 is making moves...
 AI AI Bot 2 made 1 moves, waiting 100ms
 AI AI Bot 2 ending turn
 AI AI Bot 3's turn - Elixir: 8, Hand: 4 cards
 AI AI Bot 3 is making moves...
 AI AI Bot 3 made 1 moves, waiting 100ms
 AI AI Bot 3 ending turn
 AI AI Bot 2's turn - Elixir: 7, Hand: 4 cards
 AI AI Bot 2 is making moves...
 AI AI Bot 2 made 2 moves, waiting 100ms
 AI AI Bot 2 ending turn
 AI AI Bot 3's turn - Elixir: 6, Hand: 4 cards
 AI AI Bot 3 is making moves...
 AI AI Bot 3 made 1 moves, waiting 100ms
 AI AI Bot 3 ending turn
 AI AI Bot 2's turn - Elixir: 6, Hand: 4 cards
 AI AI Bot 2 is making moves...
 AI AI Bot 2 made 1 moves, waiting 100ms
 AI AI Bot 2 ending turn
 AI AI Bot 3's turn - Elixir: 8, Hand: 4 cards
 AI AI Bot 3 is making moves...
 AI AI Bot 3 made 1 moves, waiting 100ms
 AI AI Bot 3 ending turn
 AI AI Bot 2's turn - Elixir: 9, Hand: 4 cards
 AI AI Bot 2 is making moves...
 AI AI Bot 2 made 2 moves, waiting 100ms
 AI AI Bot 2 ending turn
 AI AI Bot 3's turn - Elixir: 6, Hand: 4 cards
 AI AI Bot 3 is making moves...
 AI AI Bot 3 made 2 moves, waiting 100ms
 AI AI Bot 3 ending turn
 AI AI Bot 2's turn - Elixir: 8, Hand: 4 cards
 AI AI Bot 2 is making moves...
 AI AI Bot 2 made 2 moves, waiting 100ms
 AI AI Bot 2 ending turn
 AI AI Bot 3's turn - Elixir: 6, Hand: 4 cards
 AI AI Bot 3 is making moves...
 AI AI Bot 3 made 1 moves, waiting 100ms
 AI AI Bot 3 ending turn
 AI AI Bot 2's turn - Elixir: 6, Hand: 4 cards
 AI AI Bot 2 is making moves...
 AI AI Bot 2 made 1 moves, waiting 100ms
 AI AI Bot 2 ending turn
 AI AI Bot 3's turn - Elixir: 8, Hand: 4 cards
 AI AI Bot 3 is making moves...
 AI AI Bot 3 made 1 moves, waiting 100ms
 AI AI Bot 3 ending turn
 AI AI Bot 2's turn - Elixir: 7, Hand: 4 cards
 AI AI Bot 2 is making moves...
 AI AI Bot 2 made 1 moves, waiting 100ms
 AI AI Bot 2 ending turn
 AI AI Bot 3's turn - Elixir: 7, Hand: 4 cards
 AI AI Bot 3 is making moves...
 AI AI Bot 3 made 1 moves, waiting 100ms
 AI AI Bot 3 ending turn
 AI AI Bot 2's turn - Elixir: 6, Hand: 4 cards
 AI AI Bot 2 is making moves...
 AI AI Bot 2 made 2 moves, waiting 100ms
 AI AI Bot 2 ending turn
 AI AI Bot 3's turn - Elixir: 7, Hand: 4 cards
 AI AI Bot 3 is making moves...
 AI AI Bot 3 made 2 moves, waiting 100ms
 AI AI Bot 3 ending turn
 AI AI Bot 2's turn - Elixir: 7, Hand: 4 cards
 AI AI Bot 2 is making moves...
 AI AI Bot 2 made 1 moves, waiting 100ms
 AI AI Bot 2 ending turn
 AI AI Bot 3's turn - Elixir: 6, Hand: 4 cards
 AI AI Bot 3 is making moves...
 AI AI Bot 3 made 1 moves, waiting 100ms
 AI AI Bot 3 ending turn
 AI AI Bot 2's turn - Elixir: 7, Hand: 4 cards
 AI AI Bot 2 is making moves...
 AI AI Bot 2 made 1 moves, waiting 100ms
 AI AI Bot 2 ending turn
 AI AI Bot 3's turn - Elixir: 7, Hand: 4 cards
 AI AI Bot 3 is making moves...
 AI AI Bot 3 made 1 moves, waiting 100ms
 AI AI Bot 3 ending turn
 AI AI Bot 2's turn - Elixir: 6, Hand: 4 cards
 AI AI Bot 2 is making moves...
 AI AI Bot 2 made 1 moves, waiting 100ms
 AI AI Bot 2 ending turn
 AI AI Bot 3's turn - Elixir: 7, Hand: 4 cards
 AI AI Bot 3 is making moves...
 AI AI Bot 3 made 1 moves, waiting 100ms
 AI AI Bot 3 ending turn
 Updated AI statistics: 71/179 wins (39.7% win rate)
 Updated AI statistics: 72/182 wins (39.6% win rate)
User disconnected: pghCQbPj7t_4SXfpAAAL
Player Adaptive (pghCQbPj7t_4SXfpAAAL) disconnected, removing from game
User connected: ad1aP1g5NUbClAQUAAAN
Room room7 has been reset
Added AI Bot 1 with 4 cards, elixir: 8
Game room2 started in turns mode. Players: 2
 AI AI Bot 1's turn - Elixir: 14, Hand: 4 cards
 AI AI Bot 1 is making moves...
 AI AI Bot 1 made 4 moves, waiting 100ms
 AI AI Bot 1 ending turn
 AI AI Bot 1's turn - Elixir: 8, Hand: 4 cards
 AI AI Bot 1 is making moves...
 AI AI Bot 1 made 2 moves, waiting 100ms
 AI AI Bot 1 ending turn
 AI AI Bot 1's turn - Elixir: 7, Hand: 4 cards
 AI AI Bot 1 is making moves...
 AI AI Bot 1 made 1 moves, waiting 100ms
 AI AI Bot 1 ending turn
 AI AI Bot 1's turn - Elixir: 6, Hand: 4 cards
 AI AI Bot 1 is making moves...
 AI AI Bot 1 made 1 moves, waiting 100ms
 AI AI Bot 1 ending turn
 AI AI Bot 1's turn - Elixir: 8, Hand: 4 cards
 AI AI Bot 1 is making moves...
 AI AI Bot 1 made 1 moves, waiting 100ms
 AI AI Bot 1 ending turn
 AI AI Bot 1's turn - Elixir: 7, Hand: 4 cards
 AI AI Bot 1 is making moves...
 AI AI Bot 1 made 2 moves, waiting 100ms
 AI AI Bot 1 ending turn
 AI AI Bot 1's turn - Elixir: 8, Hand: 4 cards
 AI AI Bot 1 is making moves...
 AI AI Bot 1 made 2 moves, waiting 100ms
 AI AI Bot 1 ending turn
 AI AI Bot 1's turn - Elixir: 8, Hand: 4 cards
 AI AI Bot 1 is making moves...
 AI AI Bot 1 made 2 moves, waiting 100ms
 AI AI Bot 1 ending turn
 AI AI Bot 1's turn - Elixir: 6, Hand: 4 cards
 AI AI Bot 1 is making moves...
 AI AI Bot 1 made 1 moves, waiting 100ms
 AI AI Bot 1 ending turn
 Updated AI statistics: 73/183 wins (39.9% win rate)
 Updated AI statistics: 74/184 wins (40.2% win rate)
Room room2 has been reset
Added AI Bot 1 with 4 cards, elixir: 8
Added AI Bot 2 with 4 cards, elixir: 8
Added AI Bot 3 with 4 cards, elixir: 8
Game room2 started in turns mode. Players: 4
 AI AI Bot 1's turn - Elixir: 14, Hand: 4 cards
 AI AI Bot 1 is making moves...
 AI AI Bot 1 made 3 moves, waiting 100ms
 AI AI Bot 1 ending turn
 AI AI Bot 2's turn - Elixir: 14, Hand: 4 cards
 AI AI Bot 2 is making moves...
 AI AI Bot 2 made 3 moves, waiting 100ms
 AI AI Bot 2 ending turn
 AI AI Bot 3's turn - Elixir: 14, Hand: 4 cards
 AI AI Bot 3 is making moves...
 AI AI Bot 3 made 3 moves, waiting 100ms
 AI AI Bot 3 ending turn
 AI AI Bot 1's turn - Elixir: 7, Hand: 4 cards
 AI AI Bot 1 is making moves...
 AI AI Bot 1 made 1 moves, waiting 100ms
 AI AI Bot 1 ending turn
 AI AI Bot 2's turn - Elixir: 8, Hand: 4 cards
 AI AI Bot 2 is making moves...
 AI AI Bot 2 made 2 moves, waiting 100ms
 AI AI Bot 2 ending turn
 AI AI Bot 3's turn - Elixir: 11, Hand: 4 cards
 AI AI Bot 3 is making moves...
 AI AI Bot 3 made 1 moves, waiting 100ms
 AI AI Bot 3 ending turn
 AI AI Bot 1's turn - Elixir: 9, Hand: 4 cards
 AI AI Bot 1 is making moves...
 AI AI Bot 1 made 1 moves, waiting 100ms
 AI AI Bot 1 ending turn
 AI AI Bot 2's turn - Elixir: 7, Hand: 4 cards
 AI AI Bot 2 is making moves...
 AI AI Bot 2 made 1 moves, waiting 100ms
 AI AI Bot 2 ending turn
 AI AI Bot 3's turn - Elixir: 10, Hand: 4 cards
 AI AI Bot 3 is making moves...
 AI AI Bot 3 made 2 moves, waiting 100ms
 AI AI Bot 3 ending turn
 AI AI Bot 1's turn - Elixir: 8, Hand: 4 cards
 AI AI Bot 1 is making moves...
 AI AI Bot 1 made 1 moves, waiting 100ms
 AI AI Bot 1 ending turn
 AI AI Bot 2's turn - Elixir: 9, Hand: 4 cards
 AI AI Bot 2 is making moves...
 AI AI Bot 2 made 1 moves, waiting 100ms
 AI AI Bot 2 ending turn
 AI AI Bot 3's turn - Elixir: 7, Hand: 4 cards
 AI AI Bot 3 is making moves...
 AI AI Bot 3 made 2 moves, waiting 100ms
 AI AI Bot 3 ending turn
 AI AI Bot 1's turn - Elixir: 7, Hand: 4 cards
 AI AI Bot 1 is making moves...
 AI AI Bot 1 made 2 moves, waiting 100ms
 AI AI Bot 1 ending turn
 AI AI Bot 2's turn - Elixir: 9, Hand: 4 cards
 AI AI Bot 2 is making moves...
 AI AI Bot 2 made 2 moves, waiting 100ms
 AI AI Bot 2 ending turn
 AI AI Bot 3's turn - Elixir: 6, Hand: 4 cards
 AI AI Bot 3 is making moves...
 AI AI Bot 3 made 1 moves, waiting 100ms
 AI AI Bot 3 ending turn
 AI AI Bot 1's turn - Elixir: 8, Hand: 4 cards
 AI AI Bot 1 is making moves...
 AI AI Bot 1 made 2 moves, waiting 100ms
 AI AI Bot 1 ending turn
 AI AI Bot 2's turn - Elixir: 6, Hand: 4 cards
 AI AI Bot 2 is making moves...
 AI AI Bot 2 made 1 moves, waiting 100ms
 AI AI Bot 2 ending turn
 AI AI Bot 3's turn - Elixir: 9, Hand: 4 cards
 AI AI Bot 3 is making moves...
 AI AI Bot 3 made 1 moves, waiting 100ms
 AI AI Bot 3 ending turn
 AI AI Bot 1's turn - Elixir: 6, Hand: 4 cards
 AI AI Bot 1 is making moves...
 AI AI Bot 1 made 1 moves, waiting 100ms
 AI AI Bot 1 ending turn
 AI AI Bot 2's turn - Elixir: 6, Hand: 4 cards
 AI AI Bot 2 is making moves...
 AI AI Bot 2 made 1 moves, waiting 100ms
 AI AI Bot 2 ending turn
 AI AI Bot 3's turn - Elixir: 8, Hand: 4 cards
 AI AI Bot 3 is making moves...
 AI AI Bot 3 made 1 moves, waiting 100ms
 AI AI Bot 3 ending turn
 AI AI Bot 1's turn - Elixir: 6, Hand: 4 cards
 AI AI Bot 1 is making moves...
 AI AI Bot 1 made 2 moves, waiting 100ms
 AI AI Bot 1 ending turn
 AI AI Bot 2's turn - Elixir: 8, Hand: 4 cards
 AI AI Bot 2 is making moves...
 AI AI Bot 2 made 1 moves, waiting 100ms
 AI AI Bot 2 ending turn
 AI AI Bot 3's turn - Elixir: 7, Hand: 4 cards
 AI AI Bot 3 is making moves...
 AI AI Bot 3 made 1 moves, waiting 100ms
 AI AI Bot 3 ending turn
 AI AI Bot 1's turn - Elixir: 6, Hand: 4 cards
 AI AI Bot 1 is making moves...
 AI AI Bot 1 made 1 moves, waiting 100ms
 AI AI Bot 1 ending turn
 AI AI Bot 2's turn - Elixir: 7, Hand: 4 cards
 AI AI Bot 2 is making moves...
 AI AI Bot 2 made 1 moves, waiting 100ms
 AI AI Bot 2 ending turn
 AI AI Bot 3's turn - Elixir: 8, Hand: 4 cards
 AI AI Bot 3 is making moves...
 AI AI Bot 3 made 1 moves, waiting 100ms
 AI AI Bot 3 ending turn
 AI AI Bot 1's turn - Elixir: 7, Hand: 4 cards
 AI AI Bot 1 is making moves...
 AI AI Bot 1 made 2 moves, waiting 100ms
 AI AI Bot 1 ending turn
 AI AI Bot 2's turn - Elixir: 6, Hand: 4 cards
 AI AI Bot 2 is making moves...
 AI AI Bot 2 made 2 moves, waiting 100ms
 AI AI Bot 2 ending turn
 AI AI Bot 3's turn - Elixir: 8, Hand: 4 cards
 AI AI Bot 3 is making moves...
 AI AI Bot 3 made 2 moves, waiting 100ms
 AI AI Bot 3 ending turn
 AI AI Bot 1's turn - Elixir: 7, Hand: 4 cards
 AI AI Bot 1 is making moves...
 AI AI Bot 1 made 1 moves, waiting 100ms
 AI AI Bot 1 ending turn
 AI AI Bot 2's turn - Elixir: 6, Hand: 4 cards
 AI AI Bot 2 is making moves...
 AI AI Bot 2 made 0 moves, waiting 100ms
 AI AI Bot 2 ending turn
 AI AI Bot 3's turn - Elixir: 8, Hand: 4 cards
 AI AI Bot 3 is making moves...
 AI AI Bot 3 made 1 moves, waiting 100ms
 AI AI Bot 3 ending turn
 AI AI Bot 1's turn - Elixir: 8, Hand: 4 cards
 AI AI Bot 1 is making moves...
 AI AI Bot 1 made 1 moves, waiting 100ms
 AI AI Bot 1 ending turn
 AI AI Bot 2's turn - Elixir: 12, Hand: 4 cards
 AI AI Bot 2 is making moves...
 AI AI Bot 2 made 2 moves, waiting 100ms
 AI AI Bot 2 ending turn
 AI AI Bot 3's turn - Elixir: 7, Hand: 4 cards
 AI AI Bot 3 is making moves...
 AI AI Bot 3 made 1 moves, waiting 100ms
 AI AI Bot 3 ending turn
 AI AI Bot 1's turn - Elixir: 7, Hand: 4 cards
 AI AI Bot 1 is making moves...
 AI AI Bot 1 made 2 moves, waiting 100ms
 AI AI Bot 1 ending turn
 AI AI Bot 2's turn - Elixir: 8, Hand: 4 cards
 AI AI Bot 2 is making moves...
 AI AI Bot 2 made 1 moves, waiting 100ms
 AI AI Bot 2 ending turn
 AI AI Bot 3's turn - Elixir: 6, Hand: 4 cards
 AI AI Bot 3 is making moves...
 AI AI Bot 3 made 1 moves, waiting 100ms
 AI AI Bot 3 ending turn
 AI AI Bot 1's turn - Elixir: 7, Hand: 4 cards
 AI AI Bot 1 is making moves...
 AI AI Bot 1 made 1 moves, waiting 100ms
 AI AI Bot 1 ending turn
 AI AI Bot 2's turn - Elixir: 7, Hand: 4 cards
 AI AI Bot 2 is making moves...
 AI AI Bot 2 made 2 moves, waiting 100ms
 AI AI Bot 2 ending turn
 AI AI Bot 3's turn - Elixir: 8, Hand: 4 cards
 AI AI Bot 3 is making moves...
 AI AI Bot 3 made 1 moves, waiting 100ms
 AI AI Bot 3 ending turn
 AI AI Bot 1's turn - Elixir: 6, Hand: 4 cards
 AI AI Bot 1 is making moves...
 AI AI Bot 1 made 1 moves, waiting 100ms
 AI AI Bot 1 ending turn
 AI AI Bot 2's turn - Elixir: 6, Hand: 4 cards
 AI AI Bot 2 is making moves...
 AI AI Bot 2 made 1 moves, waiting 100ms
 AI AI Bot 2 ending turn
 AI AI Bot 3's turn - Elixir: 7, Hand: 4 cards
 AI AI Bot 3 is making moves...
 AI AI Bot 3 made 1 moves, waiting 100ms
 AI AI Bot 3 ending turn
 AI AI Bot 2's turn - Elixir: 6, Hand: 4 cards
 AI AI Bot 2 is making moves...
 AI AI Bot 2 made 1 moves, waiting 100ms
 AI AI Bot 2 ending turn
 AI AI Bot 3's turn - Elixir: 7, Hand: 4 cards
 AI AI Bot 3 is making moves...
 AI AI Bot 3 made 1 moves, waiting 100ms
 AI AI Bot 3 ending turn
 AI AI Bot 2's turn - Elixir: 8, Hand: 4 cards
 AI AI Bot 2 is making moves...
 AI AI Bot 2 made 1 moves, waiting 100ms
 AI AI Bot 2 ending turn
 AI AI Bot 3's turn - Elixir: 6, Hand: 4 cards
 AI AI Bot 3 is making moves...
 AI AI Bot 3 made 1 moves, waiting 100ms
 AI AI Bot 3 ending turn
 AI AI Bot 2's turn - Elixir: 7, Hand: 4 cards
 AI AI Bot 2 is making moves...
 AI AI Bot 2 made 1 moves, waiting 100ms
 AI AI Bot 2 ending turn
 AI AI Bot 3's turn - Elixir: 6, Hand: 4 cards
 AI AI Bot 3 is making moves...
 AI AI Bot 3 made 1 moves, waiting 100ms
 AI AI Bot 3 ending turn
 AI AI Bot 2's turn - Elixir: 7, Hand: 4 cards
 AI AI Bot 2 is making moves...
 AI AI Bot 2 made 1 moves, waiting 100ms
 AI AI Bot 2 ending turn
 AI AI Bot 3's turn - Elixir: 6, Hand: 4 cards
 AI AI Bot 3 is making moves...
 AI AI Bot 3 made 2 moves, waiting 100ms
 AI AI Bot 3 ending turn
 AI AI Bot 2's turn - Elixir: 9, Hand: 4 cards
 AI AI Bot 2 is making moves...
 AI AI Bot 2 made 1 moves, waiting 100ms
 AI AI Bot 2 ending turn
 AI AI Bot 3's turn - Elixir: 6, Hand: 4 cards
 AI AI Bot 3 is making moves...
 AI AI Bot 3 made 1 moves, waiting 100ms
 AI AI Bot 3 ending turn
 AI AI Bot 2's turn - Elixir: 9, Hand: 4 cards
 AI AI Bot 2 is making moves...
 AI AI Bot 2 made 1 moves, waiting 100ms
 AI AI Bot 2 ending turn
 AI AI Bot 3's turn - Elixir: 8, Hand: 4 cards
 AI AI Bot 3 is making moves...
 AI AI Bot 3 made 1 moves, waiting 100ms
 AI AI Bot 3 ending turn
 AI AI Bot 2's turn - Elixir: 8, Hand: 4 cards
 AI AI Bot 2 is making moves...
 AI AI Bot 2 made 1 moves, waiting 100ms
 AI AI Bot 2 ending turn
 AI AI Bot 3's turn - Elixir: 7, Hand: 4 cards
 AI AI Bot 3 is making moves...
 AI AI Bot 3 made 2 moves, waiting 100ms
 AI AI Bot 3 ending turn
 AI AI Bot 2's turn - Elixir: 7, Hand: 4 cards
 AI AI Bot 2 is making moves...
 AI AI Bot 2 made 2 moves, waiting 100ms
 AI AI Bot 2 ending turn
 AI AI Bot 3's turn - Elixir: 7, Hand: 4 cards
 AI AI Bot 3 is making moves...
 AI AI Bot 3 made 1 moves, waiting 100ms
 AI AI Bot 3 ending turn
 AI AI Bot 2's turn - Elixir: 6, Hand: 4 cards
 AI AI Bot 2 is making moves...
 AI AI Bot 2 made 1 moves, waiting 100ms
 AI AI Bot 2 ending turn
 AI AI Bot 3's turn - Elixir: 7, Hand: 4 cards
 AI AI Bot 3 is making moves...
 AI AI Bot 3 made 1 moves, waiting 100ms
 AI AI Bot 3 ending turn
 AI AI Bot 2's turn - Elixir: 9, Hand: 4 cards
 AI AI Bot 2 is making moves...
 AI AI Bot 2 made 2 moves, waiting 100ms
 AI AI Bot 2 ending turn
 AI AI Bot 3's turn - Elixir: 6, Hand: 4 cards
 AI AI Bot 3 is making moves...
 AI AI Bot 3 made 2 moves, waiting 100ms
 AI AI Bot 3 ending turn
 AI AI Bot 2's turn - Elixir: 6, Hand: 4 cards
 AI AI Bot 2 is making moves...
 AI AI Bot 2 made 1 moves, waiting 100ms
 AI AI Bot 2 ending turn
 AI AI Bot 3's turn - Elixir: 7, Hand: 4 cards
 AI AI Bot 3 is making moves...
 AI AI Bot 3 made 2 moves, waiting 100ms
 AI AI Bot 3 ending turn
 AI AI Bot 2's turn - Elixir: 7, Hand: 4 cards
 AI AI Bot 2 is making moves...
 AI AI Bot 2 made 2 moves, waiting 100ms
 AI AI Bot 2 ending turn
 AI AI Bot 3's turn - Elixir: 7, Hand: 4 cards
 AI AI Bot 3 is making moves...
 AI AI Bot 3 made 2 moves, waiting 100ms
 AI AI Bot 3 ending turn
 AI AI Bot 2's turn - Elixir: 6, Hand: 4 cards
 AI AI Bot 2 is making moves...
 AI AI Bot 2 made 1 moves, waiting 100ms
 AI AI Bot 2 ending turn
 AI AI Bot 3's turn - Elixir: 6, Hand: 4 cards
 AI AI Bot 3 is making moves...
 AI AI Bot 3 made 1 moves, waiting 100ms
 AI AI Bot 3 ending turn
 Updated AI statistics: 75/187 wins (40.1% win rate)
 Updated AI statistics: 76/190 wins (40.0% win rate)
User disconnected: ad1aP1g5NUbClAQUAAAN
Player fsdf (ad1aP1g5NUbClAQUAAAN) disconnected, removing from game
Room room2 has been reset
User connected: zjqh8KcPhulkFW1wAAAP
User disconnected: ew-sfrhdIDJ1Y60xAAAB
User disconnected: zjqh8KcPhulkFW1wAAAP
Player fsaf (zjqh8KcPhulkFW1wAAAP) disconnected, removing from game
User connected: vC8_4OP3skI9VYiPAAAR
